This is pdfTeX, Version 3.14159265-2.6-1.40.17 (MiKTeX 2.9) (preloaded format=pdflatex 2016.6.9)  24 JAN 2017 02:17
entering extended mode
**./Presentation.tex
(Presentation.tex
LaTeX2e <2016/03/31>
Babel <3.9r> and hyphenation patterns for 75 language(s) loaded.

("C:\Users\Niels Skov Vestergaa\AppData\Roaming\MiKTeX\2.9\tex\latex\beamer\bas
e\beamer.cls"
("C:\Users\Niels Skov Vestergaa\AppData\Roaming\MiKTeX\2.9\tex\latex\beamer\bas
e\beamerbasercs.sty"
Package: beamerbasercs 2015/03/08 (rcs-revision 368aa9ba9d38)
)
Document Class: beamer 2015/01/05 3.36 A class for typesetting presentations (r
cs-revision 8a39122e1f63)

("C:\Users\Niels Skov Vestergaa\AppData\Roaming\MiKTeX\2.9\tex\latex\beamer\bas
e\beamerbasemodes.sty"
Package: beamerbasemodes 2013/09/03 (rcs-revision 768f2d98ca64)
\beamer@tempbox=\box26
\beamer@tempcount=\count79
\c@beamerpauses=\count80

("C:\Users\Niels Skov Vestergaa\AppData\Roaming\MiKTeX\2.9\tex\latex\beamer\bas
e\beamerbasedecode.sty"
Package: beamerbasedecode 2010/05/01 (rcs-revision efa082c6111d)
\beamer@slideinframe=\count81
\beamer@minimum=\count82
)
\beamer@commentbox=\box27
\beamer@modecount=\count83
)
("C:\Program Files (x86)\MiKTeX 2.9\tex\generic\oberdiek\ifpdf.sty"
Package: ifpdf 2016/05/14 v3.1 Provides the ifpdf switch
)
\headheight=\dimen102
\headdp=\dimen103
\footheight=\dimen104
\sidebarheight=\dimen105
\beamer@tempdim=\dimen106
\beamer@finalheight=\dimen107
\beamer@animht=\dimen108
\beamer@animdp=\dimen109
\beamer@animwd=\dimen110
\beamer@leftmargin=\dimen111
\beamer@rightmargin=\dimen112
\beamer@leftsidebar=\dimen113
\beamer@rightsidebar=\dimen114
\beamer@boxsize=\dimen115
\beamer@vboxoffset=\dimen116
\beamer@descdefault=\dimen117
\beamer@descriptionwidth=\dimen118
\beamer@lastskip=\skip41
\beamer@areabox=\box28
\beamer@animcurrent=\box29
\beamer@animshowbox=\box30
\beamer@sectionbox=\box31
\beamer@logobox=\box32
\beamer@linebox=\box33
\beamer@sectioncount=\count84
\beamer@subsubsectionmax=\count85
\beamer@subsectionmax=\count86
\beamer@sectionmax=\count87
\beamer@totalheads=\count88
\beamer@headcounter=\count89
\beamer@partstartpage=\count90
\beamer@sectionstartpage=\count91
\beamer@subsectionstartpage=\count92
\beamer@animationtempa=\count93
\beamer@animationtempb=\count94
\beamer@xpos=\count95
\beamer@ypos=\count96
\beamer@showpartnumber=\count97
\beamer@currentsubsection=\count98
\beamer@coveringdepth=\count99
\beamer@sectionadjust=\count100
\beamer@tocsectionnumber=\count101

("C:\Users\Niels Skov Vestergaa\AppData\Roaming\MiKTeX\2.9\tex\latex\beamer\bas
e\beamerbaseoptions.sty"
Package: beamerbaseoptions 2013/03/10 (rcs-revision 47431932db0d)

("C:\Program Files (x86)\MiKTeX 2.9\tex\latex\graphics\keyval.sty"
Package: keyval 2014/10/28 v1.15 key=value parser (DPC)
\KV@toks@=\toks14
))
\beamer@paperwidth=\skip42
\beamer@paperheight=\skip43

("C:\Program Files (x86)\MiKTeX 2.9\tex\latex\geometry\geometry.sty"
Package: geometry 2010/09/12 v5.6 Page Geometry

("C:\Program Files (x86)\MiKTeX 2.9\tex\generic\oberdiek\ifvtex.sty"
Package: ifvtex 2016/05/16 v1.6 Detect VTeX and its facilities (HO)
Package ifvtex Info: VTeX not detected.
)
("C:\Program Files (x86)\MiKTeX 2.9\tex\generic\ifxetex\ifxetex.sty"
Package: ifxetex 2010/09/12 v0.6 Provides ifxetex conditional
)
\Gm@cnth=\count102
\Gm@cntv=\count103
\c@Gm@tempcnt=\count104
\Gm@bindingoffset=\dimen119
\Gm@wd@mp=\dimen120
\Gm@odd@mp=\dimen121
\Gm@even@mp=\dimen122
\Gm@layoutwidth=\dimen123
\Gm@layoutheight=\dimen124
\Gm@layouthoffset=\dimen125
\Gm@layoutvoffset=\dimen126
\Gm@dimlist=\toks15

("C:\Program Files (x86)\MiKTeX 2.9\tex\latex\geometry\geometry.cfg"))
("C:\Program Files (x86)\MiKTeX 2.9\tex\latex\base\size10.clo"
File: size10.clo 2014/09/29 v1.4h Standard LaTeX file (size option)
)
("C:\Users\Niels Skov Vestergaa\AppData\Roaming\MiKTeX\2.9\tex\latex\pgf\basicl
ayer\pgfcore.sty"
("C:\Program Files (x86)\MiKTeX 2.9\tex\latex\graphics\graphicx.sty"
Package: graphicx 2014/10/28 v1.0g Enhanced LaTeX Graphics (DPC,SPQR)

("C:\Program Files (x86)\MiKTeX 2.9\tex\latex\graphics\graphics.sty"
Package: graphics 2016/05/09 v1.0r Standard LaTeX Graphics (DPC,SPQR)

("C:\Program Files (x86)\MiKTeX 2.9\tex\latex\graphics\trig.sty"
Package: trig 2016/01/03 v1.10 sin cos tan (DPC)
)
("C:\Program Files (x86)\MiKTeX 2.9\tex\latex\00miktex\graphics.cfg"
File: graphics.cfg 2016/01/02 v1.10 sample graphics configuration
)
Package graphics Info: Driver file: pdftex.def on input line 96.

("C:\Program Files (x86)\MiKTeX 2.9\tex\latex\pdftex-def\pdftex.def"
File: pdftex.def 2011/05/27 v0.06d Graphics/color for pdfTeX

("C:\Program Files (x86)\MiKTeX 2.9\tex\generic\oberdiek\infwarerr.sty"
Package: infwarerr 2016/05/16 v1.4 Providing info/warning/error messages (HO)
)
("C:\Program Files (x86)\MiKTeX 2.9\tex\generic\oberdiek\ltxcmds.sty"
Package: ltxcmds 2016/05/16 v1.23 LaTeX kernel commands for general use (HO)
)
\Gread@gobject=\count105
))
\Gin@req@height=\dimen127
\Gin@req@width=\dimen128
)
("C:\Users\Niels Skov Vestergaa\AppData\Roaming\MiKTeX\2.9\tex\latex\pgf\system
layer\pgfsys.sty"
("C:\Users\Niels Skov Vestergaa\AppData\Roaming\MiKTeX\2.9\tex\latex\pgf\utilit
ies\pgfrcs.sty"
("C:\Users\Niels Skov Vestergaa\AppData\Roaming\MiKTeX\2.9\tex\generic\pgf\util
ities\pgfutil-common.tex"
\pgfutil@everybye=\toks16
\pgfutil@tempdima=\dimen129
\pgfutil@tempdimb=\dimen130

("C:\Users\Niels Skov Vestergaa\AppData\Roaming\MiKTeX\2.9\tex\generic\pgf\util
ities\pgfutil-common-lists.tex"))
("C:\Users\Niels Skov Vestergaa\AppData\Roaming\MiKTeX\2.9\tex\generic\pgf\util
ities\pgfutil-latex.def"
\pgfutil@abb=\box34

("C:\Users\Niels Skov Vestergaa\AppData\Roaming\MiKTeX\2.9\tex\latex\ms\everysh
i.sty"
Package: everyshi 2001/05/15 v3.00 EveryShipout Package (MS)
))
("C:\Users\Niels Skov Vestergaa\AppData\Roaming\MiKTeX\2.9\tex\generic\pgf\util
ities\pgfrcs.code.tex"
Package: pgfrcs 2015/08/07 v3.0.1a (rcs-revision 1.31)
))
("C:\Users\Niels Skov Vestergaa\AppData\Roaming\MiKTeX\2.9\tex\generic\pgf\syst
emlayer\pgfsys.code.tex"
Package: pgfsys 2014/07/09 v3.0.1a (rcs-revision 1.48)

("C:\Users\Niels Skov Vestergaa\AppData\Roaming\MiKTeX\2.9\tex\generic\pgf\util
ities\pgfkeys.code.tex"
\pgfkeys@pathtoks=\toks17
\pgfkeys@temptoks=\toks18

("C:\Users\Niels Skov Vestergaa\AppData\Roaming\MiKTeX\2.9\tex\generic\pgf\util
ities\pgfkeysfiltered.code.tex"
\pgfkeys@tmptoks=\toks19
))
\pgf@x=\dimen131
\pgf@y=\dimen132
\pgf@xa=\dimen133
\pgf@ya=\dimen134
\pgf@xb=\dimen135
\pgf@yb=\dimen136
\pgf@xc=\dimen137
\pgf@yc=\dimen138
\w@pgf@writea=\write3
\r@pgf@reada=\read1
\c@pgf@counta=\count106
\c@pgf@countb=\count107
\c@pgf@countc=\count108
\c@pgf@countd=\count109
\t@pgf@toka=\toks20
\t@pgf@tokb=\toks21
\t@pgf@tokc=\toks22

("C:\Users\Niels Skov Vestergaa\AppData\Roaming\MiKTeX\2.9\tex\generic\pgf\syst
emlayer\pgf.cfg"
File: pgf.cfg 2008/05/14  (rcs-revision 1.7)
)
Driver file for pgf: pgfsys-pdftex.def

("C:\Users\Niels Skov Vestergaa\AppData\Roaming\MiKTeX\2.9\tex\generic\pgf\syst
emlayer\pgfsys-pdftex.def"
File: pgfsys-pdftex.def 2014/10/11  (rcs-revision 1.35)

("C:\Users\Niels Skov Vestergaa\AppData\Roaming\MiKTeX\2.9\tex\generic\pgf\syst
emlayer\pgfsys-common-pdf.def"
File: pgfsys-common-pdf.def 2013/10/10  (rcs-revision 1.13)
)))
("C:\Users\Niels Skov Vestergaa\AppData\Roaming\MiKTeX\2.9\tex\generic\pgf\syst
emlayer\pgfsyssoftpath.code.tex"
File: pgfsyssoftpath.code.tex 2013/09/09  (rcs-revision 1.9)
\pgfsyssoftpath@smallbuffer@items=\count110
\pgfsyssoftpath@bigbuffer@items=\count111
)
("C:\Users\Niels Skov Vestergaa\AppData\Roaming\MiKTeX\2.9\tex\generic\pgf\syst
emlayer\pgfsysprotocol.code.tex"
File: pgfsysprotocol.code.tex 2006/10/16  (rcs-revision 1.4)
))
("C:\Users\Niels Skov Vestergaa\AppData\Roaming\MiKTeX\2.9\tex\latex\xcolor\xco
lor.sty"
Package: xcolor 2016/05/11 v2.12 LaTeX color extensions (UK)
 ("C:\Program Files (x86)\MiKTeX 2.9\tex\latex\00miktex\color.cfg"
File: color.cfg 2016/01/02 v1.6 sample color configuration
)
Package xcolor Info: Driver file: pdftex.def on input line 225.
Package xcolor Info: Model `cmy' substituted by `cmy0' on input line 1348.
Package xcolor Info: Model `hsb' substituted by `rgb' on input line 1352.
Package xcolor Info: Model `RGB' extended on input line 1364.
Package xcolor Info: Model `HTML' substituted by `rgb' on input line 1366.
Package xcolor Info: Model `Hsb' substituted by `hsb' on input line 1367.
Package xcolor Info: Model `tHsb' substituted by `hsb' on input line 1368.
Package xcolor Info: Model `HSB' substituted by `hsb' on input line 1369.
Package xcolor Info: Model `Gray' substituted by `gray' on input line 1370.
Package xcolor Info: Model `wave' substituted by `hsb' on input line 1371.
)
("C:\Users\Niels Skov Vestergaa\AppData\Roaming\MiKTeX\2.9\tex\generic\pgf\basi
clayer\pgfcore.code.tex"
Package: pgfcore 2010/04/11 v3.0.1a (rcs-revision 1.7)

("C:\Users\Niels Skov Vestergaa\AppData\Roaming\MiKTeX\2.9\tex\generic\pgf\math
\pgfmath.code.tex"
("C:\Users\Niels Skov Vestergaa\AppData\Roaming\MiKTeX\2.9\tex\generic\pgf\math
\pgfmathcalc.code.tex"
("C:\Users\Niels Skov Vestergaa\AppData\Roaming\MiKTeX\2.9\tex\generic\pgf\math
\pgfmathutil.code.tex")
("C:\Users\Niels Skov Vestergaa\AppData\Roaming\MiKTeX\2.9\tex\generic\pgf\math
\pgfmathparser.code.tex"
\pgfmath@dimen=\dimen139
\pgfmath@count=\count112
\pgfmath@box=\box35
\pgfmath@toks=\toks23
\pgfmath@stack@operand=\toks24
\pgfmath@stack@operation=\toks25
)
("C:\Users\Niels Skov Vestergaa\AppData\Roaming\MiKTeX\2.9\tex\generic\pgf\math
\pgfmathfunctions.code.tex"
("C:\Users\Niels Skov Vestergaa\AppData\Roaming\MiKTeX\2.9\tex\generic\pgf\math
\pgfmathfunctions.basic.code.tex")
("C:\Users\Niels Skov Vestergaa\AppData\Roaming\MiKTeX\2.9\tex\generic\pgf\math
\pgfmathfunctions.trigonometric.code.tex")
("C:\Users\Niels Skov Vestergaa\AppData\Roaming\MiKTeX\2.9\tex\generic\pgf\math
\pgfmathfunctions.random.code.tex")
("C:\Users\Niels Skov Vestergaa\AppData\Roaming\MiKTeX\2.9\tex\generic\pgf\math
\pgfmathfunctions.comparison.code.tex")
("C:\Users\Niels Skov Vestergaa\AppData\Roaming\MiKTeX\2.9\tex\generic\pgf\math
\pgfmathfunctions.base.code.tex")
("C:\Users\Niels Skov Vestergaa\AppData\Roaming\MiKTeX\2.9\tex\generic\pgf\math
\pgfmathfunctions.round.code.tex")
("C:\Users\Niels Skov Vestergaa\AppData\Roaming\MiKTeX\2.9\tex\generic\pgf\math
\pgfmathfunctions.misc.code.tex")
("C:\Users\Niels Skov Vestergaa\AppData\Roaming\MiKTeX\2.9\tex\generic\pgf\math
\pgfmathfunctions.integerarithmetics.code.tex")))
("C:\Users\Niels Skov Vestergaa\AppData\Roaming\MiKTeX\2.9\tex\generic\pgf\math
\pgfmathfloat.code.tex"
\c@pgfmathroundto@lastzeros=\count113
))
("C:\Users\Niels Skov Vestergaa\AppData\Roaming\MiKTeX\2.9\tex\generic\pgf\basi
clayer\pgfcorepoints.code.tex"
File: pgfcorepoints.code.tex 2013/10/07  (rcs-revision 1.27)
\pgf@picminx=\dimen140
\pgf@picmaxx=\dimen141
\pgf@picminy=\dimen142
\pgf@picmaxy=\dimen143
\pgf@pathminx=\dimen144
\pgf@pathmaxx=\dimen145
\pgf@pathminy=\dimen146
\pgf@pathmaxy=\dimen147
\pgf@xx=\dimen148
\pgf@xy=\dimen149
\pgf@yx=\dimen150
\pgf@yy=\dimen151
\pgf@zx=\dimen152
\pgf@zy=\dimen153
)
("C:\Users\Niels Skov Vestergaa\AppData\Roaming\MiKTeX\2.9\tex\generic\pgf\basi
clayer\pgfcorepathconstruct.code.tex"
File: pgfcorepathconstruct.code.tex 2013/10/07  (rcs-revision 1.29)
\pgf@path@lastx=\dimen154
\pgf@path@lasty=\dimen155
)
("C:\Users\Niels Skov Vestergaa\AppData\Roaming\MiKTeX\2.9\tex\generic\pgf\basi
clayer\pgfcorepathusage.code.tex"
File: pgfcorepathusage.code.tex 2014/11/02  (rcs-revision 1.24)
\pgf@shorten@end@additional=\dimen156
\pgf@shorten@start@additional=\dimen157
)
("C:\Users\Niels Skov Vestergaa\AppData\Roaming\MiKTeX\2.9\tex\generic\pgf\basi
clayer\pgfcorescopes.code.tex"
File: pgfcorescopes.code.tex 2015/05/08  (rcs-revision 1.46)
\pgfpic=\box36
\pgf@hbox=\box37
\pgf@layerbox@main=\box38
\pgf@picture@serial@count=\count114
)
("C:\Users\Niels Skov Vestergaa\AppData\Roaming\MiKTeX\2.9\tex\generic\pgf\basi
clayer\pgfcoregraphicstate.code.tex"
File: pgfcoregraphicstate.code.tex 2014/11/02  (rcs-revision 1.12)
\pgflinewidth=\dimen158
)
("C:\Users\Niels Skov Vestergaa\AppData\Roaming\MiKTeX\2.9\tex\generic\pgf\basi
clayer\pgfcoretransformations.code.tex"
File: pgfcoretransformations.code.tex 2015/08/07  (rcs-revision 1.20)
\pgf@pt@x=\dimen159
\pgf@pt@y=\dimen160
\pgf@pt@temp=\dimen161
)
("C:\Users\Niels Skov Vestergaa\AppData\Roaming\MiKTeX\2.9\tex\generic\pgf\basi
clayer\pgfcorequick.code.tex"
File: pgfcorequick.code.tex 2008/10/09  (rcs-revision 1.3)
)
("C:\Users\Niels Skov Vestergaa\AppData\Roaming\MiKTeX\2.9\tex\generic\pgf\basi
clayer\pgfcoreobjects.code.tex"
File: pgfcoreobjects.code.tex 2006/10/11  (rcs-revision 1.2)
)
("C:\Users\Niels Skov Vestergaa\AppData\Roaming\MiKTeX\2.9\tex\generic\pgf\basi
clayer\pgfcorepathprocessing.code.tex"
File: pgfcorepathprocessing.code.tex 2013/09/09  (rcs-revision 1.9)
)
("C:\Users\Niels Skov Vestergaa\AppData\Roaming\MiKTeX\2.9\tex\generic\pgf\basi
clayer\pgfcorearrows.code.tex"
File: pgfcorearrows.code.tex 2015/05/14  (rcs-revision 1.43)
\pgfarrowsep=\dimen162
)
("C:\Users\Niels Skov Vestergaa\AppData\Roaming\MiKTeX\2.9\tex\generic\pgf\basi
clayer\pgfcoreshade.code.tex"
File: pgfcoreshade.code.tex 2013/07/15  (rcs-revision 1.15)
\pgf@max=\dimen163
\pgf@sys@shading@range@num=\count115
)
("C:\Users\Niels Skov Vestergaa\AppData\Roaming\MiKTeX\2.9\tex\generic\pgf\basi
clayer\pgfcoreimage.code.tex"
File: pgfcoreimage.code.tex 2013/07/15  (rcs-revision 1.18)

("C:\Users\Niels Skov Vestergaa\AppData\Roaming\MiKTeX\2.9\tex\generic\pgf\basi
clayer\pgfcoreexternal.code.tex"
File: pgfcoreexternal.code.tex 2014/07/09  (rcs-revision 1.21)
\pgfexternal@startupbox=\box39
))
("C:\Users\Niels Skov Vestergaa\AppData\Roaming\MiKTeX\2.9\tex\generic\pgf\basi
clayer\pgfcorelayers.code.tex"
File: pgfcorelayers.code.tex 2013/07/18  (rcs-revision 1.7)
)
("C:\Users\Niels Skov Vestergaa\AppData\Roaming\MiKTeX\2.9\tex\generic\pgf\basi
clayer\pgfcoretransparency.code.tex"
File: pgfcoretransparency.code.tex 2013/09/30  (rcs-revision 1.5)
)
("C:\Users\Niels Skov Vestergaa\AppData\Roaming\MiKTeX\2.9\tex\generic\pgf\basi
clayer\pgfcorepatterns.code.tex"
File: pgfcorepatterns.code.tex 2013/11/07  (rcs-revision 1.5)
)))
("C:\Users\Niels Skov Vestergaa\AppData\Roaming\MiKTeX\2.9\tex\latex\pgf\utilit
ies\xxcolor.sty"
Package: xxcolor 2003/10/24 ver 0.1
\XC@nummixins=\count116
\XC@countmixins=\count117
)
("C:\Program Files (x86)\MiKTeX 2.9\tex\generic\oberdiek\atbegshi.sty"
Package: atbegshi 2016/05/16 v1.17 At begin shipout hook (HO)
)
("C:\Program Files (x86)\MiKTeX 2.9\tex\latex\hyperref\hyperref.sty"
Package: hyperref 2016/05/21 v6.83p Hypertext links for LaTeX

("C:\Program Files (x86)\MiKTeX 2.9\tex\generic\oberdiek\hobsub-hyperref.sty"
Package: hobsub-hyperref 2016/05/16 v1.14 Bundle oberdiek, subset hyperref (HO)


("C:\Program Files (x86)\MiKTeX 2.9\tex\generic\oberdiek\hobsub-generic.sty"
Package: hobsub-generic 2016/05/16 v1.14 Bundle oberdiek, subset generic (HO)
Package: hobsub 2016/05/16 v1.14 Construct package bundles (HO)
Package hobsub Info: Skipping package `infwarerr' (already loaded).
Package hobsub Info: Skipping package `ltxcmds' (already loaded).
Package: ifluatex 2016/05/16 v1.4 Provides the ifluatex switch (HO)
Package ifluatex Info: LuaTeX not detected.
Package hobsub Info: Skipping package `ifvtex' (already loaded).
Package: intcalc 2016/05/16 v1.2 Expandable calculations with integers (HO)
Package hobsub Info: Skipping package `ifpdf' (already loaded).
Package: etexcmds 2016/05/16 v1.6 Avoid name clashes with e-TeX commands (HO)
Package etexcmds Info: Could not find \expanded.
(etexcmds)             That can mean that you are not using pdfTeX 1.50 or
(etexcmds)             that some package has redefined \expanded.
(etexcmds)             In the latter case, load this package earlier.
Package: kvsetkeys 2016/05/16 v1.17 Key value parser (HO)
Package: kvdefinekeys 2016/05/16 v1.4 Define keys (HO)
Package: pdftexcmds 2016/05/21 v0.22 Utility functions of pdfTeX for LuaTeX (HO
)
Package pdftexcmds Info: LuaTeX not detected.
Package pdftexcmds Info: \pdf@primitive is available.
Package pdftexcmds Info: \pdf@ifprimitive is available.
Package pdftexcmds Info: \pdfdraftmode found.
Package: pdfescape 2016/05/16 v1.14 Implements pdfTeX's escape features (HO)
Package: bigintcalc 2016/05/16 v1.4 Expandable calculations on big integers (HO
)
Package: bitset 2016/05/16 v1.2 Handle bit-vector datatype (HO)
Package: uniquecounter 2016/05/16 v1.3 Provide unlimited unique counter (HO)
)
Package hobsub Info: Skipping package `hobsub' (already loaded).
Package: letltxmacro 2016/05/16 v1.5 Let assignment for LaTeX macros (HO)
Package: hopatch 2016/05/16 v1.3 Wrapper for package hooks (HO)
Package: xcolor-patch 2016/05/16 xcolor patch
Package: atveryend 2016/05/16 v1.9 Hooks at the very end of document (HO)
Package atveryend Info: \enddocument detected (standard20110627).
Package hobsub Info: Skipping package `atbegshi' (already loaded).
Package: refcount 2016/05/16 v3.5 Data extraction from label references (HO)
Package: hycolor 2016/05/16 v1.8 Color options for hyperref/bookmark (HO)
)
("C:\Program Files (x86)\MiKTeX 2.9\tex\latex\oberdiek\auxhook.sty"
Package: auxhook 2016/05/16 v1.4 Hooks for auxiliary files (HO)
)
("C:\Program Files (x86)\MiKTeX 2.9\tex\latex\oberdiek\kvoptions.sty"
Package: kvoptions 2016/05/16 v3.12 Key value format for package options (HO)
)
\@linkdim=\dimen164
\Hy@linkcounter=\count118
\Hy@pagecounter=\count119

("C:\Program Files (x86)\MiKTeX 2.9\tex\latex\hyperref\pd1enc.def"
File: pd1enc.def 2016/05/21 v6.83p Hyperref: PDFDocEncoding definition (HO)
)
\Hy@SavedSpaceFactor=\count120

("C:\Program Files (x86)\MiKTeX 2.9\tex\latex\00miktex\hyperref.cfg"
File: hyperref.cfg 2002/06/06 v1.2 hyperref configuration of TeXLive
)
Package hyperref Info: Option `bookmarks' set `true' on input line 4362.
Package hyperref Info: Option `bookmarksopen' set `true' on input line 4362.
Package hyperref Info: Option `implicit' set `false' on input line 4362.
Package hyperref Info: Hyper figures OFF on input line 4486.
Package hyperref Info: Link nesting OFF on input line 4491.
Package hyperref Info: Hyper index ON on input line 4494.
Package hyperref Info: Plain pages OFF on input line 4501.
Package hyperref Info: Backreferencing OFF on input line 4506.
Package hyperref Info: Implicit mode OFF; no redefinition of LaTeX internals.
Package hyperref Info: Bookmarks ON on input line 4735.
\c@Hy@tempcnt=\count121

("C:\Users\Niels Skov Vestergaa\AppData\Roaming\MiKTeX\2.9\tex\latex\url\url.st
y"
\Urlmuskip=\muskip10
Package: url 2013/09/16  ver 3.4  Verb mode for urls, etc.
)
LaTeX Info: Redefining \url on input line 5088.
\XeTeXLinkMargin=\dimen165
\Fld@menulength=\count122
\Field@Width=\dimen166
\Fld@charsize=\dimen167
Package hyperref Info: Hyper figures OFF on input line 6342.
Package hyperref Info: Link nesting OFF on input line 6347.
Package hyperref Info: Hyper index ON on input line 6350.
Package hyperref Info: backreferencing OFF on input line 6357.
Package hyperref Info: Link coloring OFF on input line 6362.
Package hyperref Info: Link coloring with OCG OFF on input line 6367.
Package hyperref Info: PDF/A mode OFF on input line 6372.
LaTeX Info: Redefining \ref on input line 6412.
LaTeX Info: Redefining \pageref on input line 6416.
\Hy@abspage=\count123


Package hyperref Message: Stopped early.

)

Package hyperref Message: Driver (autodetected): hpdftex.

("C:\Program Files (x86)\MiKTeX 2.9\tex\latex\hyperref\hpdftex.def"
File: hpdftex.def 2016/05/21 v6.83p Hyperref driver for pdfTeX
\Fld@listcount=\count124
\c@bookmark@seq@number=\count125

("C:\Program Files (x86)\MiKTeX 2.9\tex\latex\oberdiek\rerunfilecheck.sty"
Package: rerunfilecheck 2016/05/16 v1.8 Rerun checks for auxiliary files (HO)
Package uniquecounter Info: New unique counter `rerunfilecheck' on input line 2
82.
))
("C:\Users\Niels Skov Vestergaa\AppData\Roaming\MiKTeX\2.9\tex\latex\beamer\bas
e\beamerbaserequires.sty"
Package: beamerbaserequires 2010/05/01  (rcs-revision efa082c6111d)

("C:\Users\Niels Skov Vestergaa\AppData\Roaming\MiKTeX\2.9\tex\latex\beamer\bas
e\beamerbasecompatibility.sty"
Package: beamerbasecompatibility 2012/05/01  (rcs-revision 67c48b3b652d)
)
("C:\Users\Niels Skov Vestergaa\AppData\Roaming\MiKTeX\2.9\tex\latex\beamer\bas
e\beamerbasefont.sty"
Package: beamerbasefont 2015/01/05  (rcs-revision b4b4bee242e2)

("C:\Program Files (x86)\MiKTeX 2.9\tex\latex\amsfonts\amssymb.sty"
Package: amssymb 2013/01/14 v3.01 AMS font symbols

("C:\Program Files (x86)\MiKTeX 2.9\tex\latex\amsfonts\amsfonts.sty"
Package: amsfonts 2013/01/14 v3.01 Basic AMSFonts support
\@emptytoks=\toks26
\symAMSa=\mathgroup4
\symAMSb=\mathgroup5
LaTeX Font Info:    Overwriting math alphabet `\mathfrak' in version `bold'
(Font)                  U/euf/m/n --> U/euf/b/n on input line 106.
))
("C:\Users\Niels Skov Vestergaa\AppData\Roaming\MiKTeX\2.9\tex\latex\sansmathac
cent\sansmathaccent.sty"
Package: sansmathaccent 2013/03/28

("C:\Users\Niels Skov Vestergaa\AppData\Roaming\MiKTeX\2.9\tex\latex\filehook\f
ilehook.sty"
Package: filehook 2011/10/12 v0.5d Hooks for input files
)))
("C:\Users\Niels Skov Vestergaa\AppData\Roaming\MiKTeX\2.9\tex\latex\beamer\bas
e\beamerbasetranslator.sty"
Package: beamerbasetranslator 2010/06/11  (rcs-revision 85fd1cc7fc42)

("C:\Users\Niels Skov Vestergaa\AppData\Roaming\MiKTeX\2.9\tex\latex\beamer\bas
e\translator\translator.sty"
Package: translator 2010/06/12 ver 1.10

("C:\Users\Niels Skov Vestergaa\AppData\Roaming\MiKTeX\2.9\tex\latex\beamer\bas
e\translator\translator-language-mappings.tex")))
("C:\Users\Niels Skov Vestergaa\AppData\Roaming\MiKTeX\2.9\tex\latex\beamer\bas
e\beamerbasemisc.sty"
Package: beamerbasemisc 2013/09/03  (rcs-revision a55719c41d85)
)
("C:\Users\Niels Skov Vestergaa\AppData\Roaming\MiKTeX\2.9\tex\latex\beamer\bas
e\beamerbasetwoscreens.sty"
Package: beamerbasetwoscreens 2010/05/01  (rcs-revision efa082c6111d)
)
("C:\Users\Niels Skov Vestergaa\AppData\Roaming\MiKTeX\2.9\tex\latex\beamer\bas
e\beamerbaseoverlay.sty"
Package: beamerbaseoverlay 2013/12/25  (rcs-revision f6bd5e3805da)
\beamer@argscount=\count126
\beamer@lastskipcover=\skip44
\beamer@trivlistdepth=\count127
)
("C:\Users\Niels Skov Vestergaa\AppData\Roaming\MiKTeX\2.9\tex\latex\beamer\bas
e\beamerbasetitle.sty"
Package: beamerbasetitle 2010/09/21  (rcs-revision f0446ed0b6ae)
)
("C:\Users\Niels Skov Vestergaa\AppData\Roaming\MiKTeX\2.9\tex\latex\beamer\bas
e\beamerbasesection.sty"
Package: beamerbasesection 2013/06/07  (rcs-revision 60b9fe0f342f)
\c@lecture=\count128
\c@part=\count129
\c@section=\count130
\c@subsection=\count131
\c@subsubsection=\count132
)
("C:\Users\Niels Skov Vestergaa\AppData\Roaming\MiKTeX\2.9\tex\latex\beamer\bas
e\beamerbaseframe.sty"
Package: beamerbaseframe 2014/02/20  (rcs-revision 4b8ceeeff434)
\beamer@framebox=\box40
\beamer@frametitlebox=\box41
\beamer@zoombox=\box42
\beamer@zoomcount=\count133
\beamer@zoomframecount=\count134
\beamer@frametextheight=\dimen168
\c@subsectionslide=\count135
\beamer@frametopskip=\skip45
\beamer@framebottomskip=\skip46
\beamer@frametopskipautobreak=\skip47
\beamer@framebottomskipautobreak=\skip48
\beamer@envbody=\toks27
\framewidth=\dimen169
\c@framenumber=\count136
)
("C:\Users\Niels Skov Vestergaa\AppData\Roaming\MiKTeX\2.9\tex\latex\beamer\bas
e\beamerbaseverbatim.sty"
Package: beamerbaseverbatim 2015/01/05  (rcs-revision 431510bb5890)
\beamer@verbatimfileout=\write4
)
("C:\Users\Niels Skov Vestergaa\AppData\Roaming\MiKTeX\2.9\tex\latex\beamer\bas
e\beamerbaseframesize.sty"
Package: beamerbaseframesize 2011/09/12  (rcs-revision 70f9d8411e54)
\beamer@splitbox=\box43
\beamer@autobreakcount=\count137
\beamer@autobreaklastheight=\dimen170
\beamer@frametitletoks=\toks28
\beamer@framesubtitletoks=\toks29
)
("C:\Users\Niels Skov Vestergaa\AppData\Roaming\MiKTeX\2.9\tex\latex\beamer\bas
e\beamerbaseframecomponents.sty"
Package: beamerbaseframecomponents 2013/10/18  (rcs-revision 5cf6c5555a45)
\beamer@footins=\box44
)
("C:\Users\Niels Skov Vestergaa\AppData\Roaming\MiKTeX\2.9\tex\latex\beamer\bas
e\beamerbasecolor.sty"
Package: beamerbasecolor 2015/02/21  (rcs-revision d944b04ee2d5)
)
("C:\Users\Niels Skov Vestergaa\AppData\Roaming\MiKTeX\2.9\tex\latex\beamer\bas
e\beamerbasenotes.sty"
Package: beamerbasenotes 2012/12/19  (rcs-revision 1686da3db3c9)
\beamer@frameboxcopy=\box45
)
("C:\Users\Niels Skov Vestergaa\AppData\Roaming\MiKTeX\2.9\tex\latex\beamer\bas
e\beamerbasetoc.sty"
Package: beamerbasetoc 2015/03/08  (rcs-revision 7270298bbaae)
)
("C:\Users\Niels Skov Vestergaa\AppData\Roaming\MiKTeX\2.9\tex\latex\beamer\bas
e\beamerbasetemplates.sty"
Package: beamerbasetemplates 2010/05/01  (rcs-revision efa082c6111d)
\beamer@sbttoks=\toks30

("C:\Users\Niels Skov Vestergaa\AppData\Roaming\MiKTeX\2.9\tex\latex\beamer\bas
e\beamerbaseauxtemplates.sty"
Package: beamerbaseauxtemplates 2014/06/30  (rcs-revision 580088513a67)

("C:\Users\Niels Skov Vestergaa\AppData\Roaming\MiKTeX\2.9\tex\latex\beamer\bas
e\beamerbaseboxes.sty"
Package: beamerbaseboxes 2012/05/13  (rcs-revision 56972908a390)
\bmb@box=\box46
\bmb@colorbox=\box47
\bmb@boxshadow=\box48
\bmb@boxshadowball=\box49
\bmb@boxshadowballlarge=\box50
\bmb@temp=\dimen171
\bmb@dima=\dimen172
\bmb@dimb=\dimen173
\bmb@prevheight=\dimen174
)
\beamer@blockheadheight=\dimen175
))
("C:\Users\Niels Skov Vestergaa\AppData\Roaming\MiKTeX\2.9\tex\latex\beamer\bas
e\beamerbaselocalstructure.sty"
Package: beamerbaselocalstructure 2014/09/10  (rcs-revision 393f6dcff371)

("C:\Program Files (x86)\MiKTeX 2.9\tex\latex\tools\enumerate.sty"
Package: enumerate 2015/07/23 v3.00 enumerate extensions (DPC)
\@enLab=\toks31
)
\c@figure=\count138
\c@table=\count139
\abovecaptionskip=\skip49
\belowcaptionskip=\skip50
)
("C:\Users\Niels Skov Vestergaa\AppData\Roaming\MiKTeX\2.9\tex\latex\beamer\bas
e\beamerbasenavigation.sty"
Package: beamerbasenavigation 2015/02/27  (rcs-revision 923f4bf87efa)
\beamer@section@min@dim=\dimen176
)
("C:\Users\Niels Skov Vestergaa\AppData\Roaming\MiKTeX\2.9\tex\latex\beamer\bas
e\beamerbasetheorems.sty"
Package: beamerbasetheorems 2010/06/06  (rcs-revision 7e7cc5e53e9d)

("C:\Program Files (x86)\MiKTeX 2.9\tex\latex\amsmath\amsmath.sty"
Package: amsmath 2016/03/10 v2.15b AMS math features
\@mathmargin=\skip51

For additional information on amsmath, use the `?' option.
("C:\Program Files (x86)\MiKTeX 2.9\tex\latex\amsmath\amstext.sty"
Package: amstext 2000/06/29 v2.01 AMS text

("C:\Program Files (x86)\MiKTeX 2.9\tex\latex\amsmath\amsgen.sty"
File: amsgen.sty 1999/11/30 v2.0 generic functions
\@emptytoks=\toks32
\ex@=\dimen177
))
("C:\Program Files (x86)\MiKTeX 2.9\tex\latex\amsmath\amsbsy.sty"
Package: amsbsy 1999/11/29 v1.2d Bold Symbols
\pmbraise@=\dimen178
)
("C:\Program Files (x86)\MiKTeX 2.9\tex\latex\amsmath\amsopn.sty"
Package: amsopn 2016/03/08 v2.02 operator names
)
\inf@bad=\count140
LaTeX Info: Redefining \frac on input line 199.
\uproot@=\count141
\leftroot@=\count142
LaTeX Info: Redefining \overline on input line 297.
\classnum@=\count143
\DOTSCASE@=\count144
LaTeX Info: Redefining \ldots on input line 394.
LaTeX Info: Redefining \dots on input line 397.
LaTeX Info: Redefining \cdots on input line 518.
\Mathstrutbox@=\box51
\strutbox@=\box52
\big@size=\dimen179
LaTeX Font Info:    Redeclaring font encoding OML on input line 634.
LaTeX Font Info:    Redeclaring font encoding OMS on input line 635.
\macc@depth=\count145
\c@MaxMatrixCols=\count146
\dotsspace@=\muskip11
\c@parentequation=\count147
\dspbrk@lvl=\count148
\tag@help=\toks33
\row@=\count149
\column@=\count150
\maxfields@=\count151
\andhelp@=\toks34
\eqnshift@=\dimen180
\alignsep@=\dimen181
\tagshift@=\dimen182
\tagwidth@=\dimen183
\totwidth@=\dimen184
\lineht@=\dimen185
\@envbody=\toks35
\multlinegap=\skip52
\multlinetaggap=\skip53
\mathdisplay@stack=\toks36
LaTeX Info: Redefining \[ on input line 2739.
LaTeX Info: Redefining \] on input line 2740.
)
("C:\Program Files (x86)\MiKTeX 2.9\tex\latex\amscls\amsthm.sty"
Package: amsthm 2015/03/04 v2.20.2
\thm@style=\toks37
\thm@bodyfont=\toks38
\thm@headfont=\toks39
\thm@notefont=\toks40
\thm@headpunct=\toks41
\thm@preskip=\skip54
\thm@postskip=\skip55
\thm@headsep=\skip56
\dth@everypar=\toks42
)
\c@theorem=\count152
)
("C:\Users\Niels Skov Vestergaa\AppData\Roaming\MiKTeX\2.9\tex\latex\beamer\bas
e\beamerbasethemes.sty"
Package: beamerbasethemes 2010/05/01  (rcs-revision efa082c6111d)
))
("C:\Users\Niels Skov Vestergaa\AppData\Roaming\MiKTeX\2.9\tex\latex\beamer\bas
e\themes\theme\beamerthemedefault.sty"
Package: beamerthemedefault 2010/06/17  (rcs-revision d02a7cf4d8ae)

("C:\Users\Niels Skov Vestergaa\AppData\Roaming\MiKTeX\2.9\tex\latex\beamer\bas
e\themes\font\beamerfontthemedefault.sty"
Package: beamerfontthemedefault 2012/12/19  (rcs-revision 1686da3db3c9)
)
("C:\Users\Niels Skov Vestergaa\AppData\Roaming\MiKTeX\2.9\tex\latex\beamer\bas
e\themes\color\beamercolorthemedefault.sty"
Package: beamercolorthemedefault 2012/12/19  (rcs-revision 1686da3db3c9)
)
("C:\Users\Niels Skov Vestergaa\AppData\Roaming\MiKTeX\2.9\tex\latex\beamer\bas
e\themes\inner\beamerinnerthemedefault.sty"
Package: beamerinnerthemedefault 2014/06/30  (rcs-revision 580088513a67)
\beamer@dima=\dimen186
\beamer@dimb=\dimen187
)
("C:\Users\Niels Skov Vestergaa\AppData\Roaming\MiKTeX\2.9\tex\latex\beamer\bas
e\themes\outer\beamerouterthemedefault.sty"
Package: beamerouterthemedefault 2012/12/19  (rcs-revision 1686da3db3c9)
))) (beamerthemeAAUsimple.sty
Package: beamerthemeAAUsimple 2014/10/31 v1.3.2 The AAU Simple Beamer Theme

("C:\Users\Niels Skov Vestergaa\AppData\Roaming\MiKTeX\2.9\tex\latex\pgf\fronte
ndlayer\tikz.sty"
("C:\Users\Niels Skov Vestergaa\AppData\Roaming\MiKTeX\2.9\tex\latex\pgf\basicl
ayer\pgf.sty"
Package: pgf 2015/08/07 v3.0.1a (rcs-revision 1.15)

("C:\Users\Niels Skov Vestergaa\AppData\Roaming\MiKTeX\2.9\tex\generic\pgf\modu
les\pgfmoduleshapes.code.tex"
File: pgfmoduleshapes.code.tex 2014/03/21  (rcs-revision 1.35)
\pgfnodeparttextbox=\box53
)
("C:\Users\Niels Skov Vestergaa\AppData\Roaming\MiKTeX\2.9\tex\generic\pgf\modu
les\pgfmoduleplot.code.tex"
File: pgfmoduleplot.code.tex 2015/08/03  (rcs-revision 1.13)
)
("C:\Users\Niels Skov Vestergaa\AppData\Roaming\MiKTeX\2.9\tex\latex\pgf\compat
ibility\pgfcomp-version-0-65.sty"
Package: pgfcomp-version-0-65 2007/07/03 v3.0.1a (rcs-revision 1.7)
\pgf@nodesepstart=\dimen188
\pgf@nodesepend=\dimen189
)
("C:\Users\Niels Skov Vestergaa\AppData\Roaming\MiKTeX\2.9\tex\latex\pgf\compat
ibility\pgfcomp-version-1-18.sty"
Package: pgfcomp-version-1-18 2007/07/23 v3.0.1a (rcs-revision 1.1)
))
("C:\Users\Niels Skov Vestergaa\AppData\Roaming\MiKTeX\2.9\tex\latex\pgf\utilit
ies\pgffor.sty"
("C:\Users\Niels Skov Vestergaa\AppData\Roaming\MiKTeX\2.9\tex\latex\pgf\utilit
ies\pgfkeys.sty"
("C:\Users\Niels Skov Vestergaa\AppData\Roaming\MiKTeX\2.9\tex\generic\pgf\util
ities\pgfkeys.code.tex"))
("C:\Users\Niels Skov Vestergaa\AppData\Roaming\MiKTeX\2.9\tex\latex\pgf\math\p
gfmath.sty"
("C:\Users\Niels Skov Vestergaa\AppData\Roaming\MiKTeX\2.9\tex\generic\pgf\math
\pgfmath.code.tex"))
("C:\Users\Niels Skov Vestergaa\AppData\Roaming\MiKTeX\2.9\tex\generic\pgf\util
ities\pgffor.code.tex"
Package: pgffor 2013/12/13 v3.0.1a (rcs-revision 1.25)

("C:\Users\Niels Skov Vestergaa\AppData\Roaming\MiKTeX\2.9\tex\generic\pgf\math
\pgfmath.code.tex")
\pgffor@iter=\dimen190
\pgffor@skip=\dimen191
\pgffor@stack=\toks43
\pgffor@toks=\toks44
))
("C:\Users\Niels Skov Vestergaa\AppData\Roaming\MiKTeX\2.9\tex\generic\pgf\fron
tendlayer\tikz\tikz.code.tex"
Package: tikz 2015/08/07 v3.0.1a (rcs-revision 1.151)

("C:\Users\Niels Skov Vestergaa\AppData\Roaming\MiKTeX\2.9\tex\generic\pgf\libr
aries\pgflibraryplothandlers.code.tex"
File: pgflibraryplothandlers.code.tex 2013/08/31 v3.0.1a (rcs-revision 1.20)
\pgf@plot@mark@count=\count153
\pgfplotmarksize=\dimen192
)
\tikz@lastx=\dimen193
\tikz@lasty=\dimen194
\tikz@lastxsaved=\dimen195
\tikz@lastysaved=\dimen196
\tikzleveldistance=\dimen197
\tikzsiblingdistance=\dimen198
\tikz@figbox=\box54
\tikz@figbox@bg=\box55
\tikz@tempbox=\box56
\tikz@tempbox@bg=\box57
\tikztreelevel=\count154
\tikznumberofchildren=\count155
\tikznumberofcurrentchild=\count156
\tikz@fig@count=\count157

("C:\Users\Niels Skov Vestergaa\AppData\Roaming\MiKTeX\2.9\tex\generic\pgf\modu
les\pgfmodulematrix.code.tex"
File: pgfmodulematrix.code.tex 2013/09/17  (rcs-revision 1.8)
\pgfmatrixcurrentrow=\count158
\pgfmatrixcurrentcolumn=\count159
\pgf@matrix@numberofcolumns=\count160
)
\tikz@expandcount=\count161

("C:\Users\Niels Skov Vestergaa\AppData\Roaming\MiKTeX\2.9\tex\generic\pgf\fron
tendlayer\tikz\libraries\tikzlibrarytopaths.code.tex"
File: tikzlibrarytopaths.code.tex 2008/06/17 v3.0.1a (rcs-revision 1.2)
)))
("C:\Users\Niels Skov Vestergaa\AppData\Roaming\MiKTeX\2.9\tex\latex\pgf\fronte
ndlayer\libraries\tikzlibraryexternal.code.tex"
("C:\Users\Niels Skov Vestergaa\AppData\Roaming\MiKTeX\2.9\tex\generic\pgf\fron
tendlayer\tikz\libraries\tikzexternalshared.code.tex"))
("C:\Program Files (x86)\MiKTeX 2.9\tex\latex\tools\calc.sty"
Package: calc 2014/10/28 v4.3 Infix arithmetic (KKT,FJ)
\calc@Acount=\count162
\calc@Bcount=\count163
\calc@Adimen=\dimen199
\calc@Bdimen=\dimen256
\calc@Askip=\skip57
\calc@Bskip=\skip58
LaTeX Info: Redefining \setlength on input line 80.
LaTeX Info: Redefining \addtolength on input line 81.
\calc@Ccount=\count164
\calc@Cskip=\skip59
)
("C:\Users\Niels Skov Vestergaa\AppData\Roaming\MiKTeX\2.9\tex\latex\fp\fp.sty"
Package: fp 1995/04/02
`Fixed Point Package', Version 0.8, April 2, 1995 (C) Michael Mehlich
("C:\Users\Niels Skov Vestergaa\AppData\Roaming\MiKTeX\2.9\tex\latex\fp\defpatt
ern.sty"
Package: defpattern 1994/10/12
\actioncount=\count165
)
("C:\Users\Niels Skov Vestergaa\AppData\Roaming\MiKTeX\2.9\tex\latex\fp\fp-basi
c.sty"
Package: fp-basic 1996/05/13
\FP@xs=\count166
\FP@xia=\count167
\FP@xib=\count168
\FP@xfa=\count169
\FP@xfb=\count170
\FP@rega=\count171
\FP@regb=\count172
\FP@regs=\count173
\FP@times=\count174
)
("C:\Users\Niels Skov Vestergaa\AppData\Roaming\MiKTeX\2.9\tex\latex\fp\fp-addo
ns.sty"
Package: fp-addons 1995/03/15
)
("C:\Users\Niels Skov Vestergaa\AppData\Roaming\MiKTeX\2.9\tex\latex\fp\fp-snap
.sty"
Package: fp-snap 1995/04/05
)
("C:\Users\Niels Skov Vestergaa\AppData\Roaming\MiKTeX\2.9\tex\latex\fp\fp-exp.
sty"
Package: fp-exp 1995/04/03
)
("C:\Users\Niels Skov Vestergaa\AppData\Roaming\MiKTeX\2.9\tex\latex\fp\fp-trig
o.sty"
Package: fp-trigo 1995/04/14
)
("C:\Users\Niels Skov Vestergaa\AppData\Roaming\MiKTeX\2.9\tex\latex\fp\fp-pas.
sty"
Package: fp-pas 1994/08/29
)
("C:\Users\Niels Skov Vestergaa\AppData\Roaming\MiKTeX\2.9\tex\latex\fp\fp-rand
om.sty"
Package: fp-random 1995/02/23
\FPseed=\count175
)
("C:\Users\Niels Skov Vestergaa\AppData\Roaming\MiKTeX\2.9\tex\latex\fp\fp-eqn.
sty"
Package: fp-eqn 1995/04/03
)
("C:\Users\Niels Skov Vestergaa\AppData\Roaming\MiKTeX\2.9\tex\latex\fp\fp-upn.
sty"
Package: fp-upn 1996/10/21
)
("C:\Users\Niels Skov Vestergaa\AppData\Roaming\MiKTeX\2.9\tex\latex\fp\fp-eval
.sty"
Package: fp-eval 1995/04/03
)) (beamerinnerthemeAAUsimple.sty
Package: beamerinnerthemeAAUsimple 2014/10/31 v1.3.2 The AAU Simple Beamer Them
e
) (beamerouterthemeAAUsimple.sty
Package: beamerouterthemeAAUsimple 2014/10/31 v1.3.2 The AAU Simple Beamer Them
e
\beamer@height=\skip60
\beamer@logoradius=\skip61
\beamer@borderwidth=\skip62
\beamer@logoinnerradius=\skip63
\beamer@logoouterradius=\skip64
\beamer@counterradius=\skip65
)
(beamercolorthemeAAUsimple.sty
Package: beamercolorthemeAAUsimple 2014/10/31 v1.3.2 The AAU Simple Beamer Them
e
))
("C:\Users\Niels Skov Vestergaa\AppData\Roaming\MiKTeX\2.9\tex\latex\anyfontsiz
e\anyfontsize.sty"
Package: anyfontsize 2007/11/22 anyfontsize.sty by pts
)
("C:\Program Files (x86)\MiKTeX 2.9\tex\latex\base\inputenc.sty"
Package: inputenc 2015/03/17 v1.2c Input encoding file
\inpenc@prehook=\toks45
\inpenc@posthook=\toks46

("C:\Program Files (x86)\MiKTeX 2.9\tex\latex\base\utf8.def"
File: utf8.def 2016/02/28 v1.1s UTF-8 support for inputenc
Now handling font encoding OML ...
... no UTF-8 mapping file for font encoding OML
Now handling font encoding T1 ...
... processing UTF-8 mapping file for font encoding T1

("C:\Program Files (x86)\MiKTeX 2.9\tex\latex\base\t1enc.dfu"
File: t1enc.dfu 2016/02/28 v1.1s UTF-8 support for inputenc
   defining Unicode char U+00A0 (decimal 160)
   defining Unicode char U+00A1 (decimal 161)
   defining Unicode char U+00A3 (decimal 163)
   defining Unicode char U+00AB (decimal 171)
   defining Unicode char U+00AD (decimal 173)
   defining Unicode char U+00BB (decimal 187)
   defining Unicode char U+00BF (decimal 191)
   defining Unicode char U+00C0 (decimal 192)
   defining Unicode char U+00C1 (decimal 193)
   defining Unicode char U+00C2 (decimal 194)
   defining Unicode char U+00C3 (decimal 195)
   defining Unicode char U+00C4 (decimal 196)
   defining Unicode char U+00C5 (decimal 197)
   defining Unicode char U+00C6 (decimal 198)
   defining Unicode char U+00C7 (decimal 199)
   defining Unicode char U+00C8 (decimal 200)
   defining Unicode char U+00C9 (decimal 201)
   defining Unicode char U+00CA (decimal 202)
   defining Unicode char U+00CB (decimal 203)
   defining Unicode char U+00CC (decimal 204)
   defining Unicode char U+00CD (decimal 205)
   defining Unicode char U+00CE (decimal 206)
   defining Unicode char U+00CF (decimal 207)
   defining Unicode char U+00D0 (decimal 208)
   defining Unicode char U+00D1 (decimal 209)
   defining Unicode char U+00D2 (decimal 210)
   defining Unicode char U+00D3 (decimal 211)
   defining Unicode char U+00D4 (decimal 212)
   defining Unicode char U+00D5 (decimal 213)
   defining Unicode char U+00D6 (decimal 214)
   defining Unicode char U+00D8 (decimal 216)
   defining Unicode char U+00D9 (decimal 217)
   defining Unicode char U+00DA (decimal 218)
   defining Unicode char U+00DB (decimal 219)
   defining Unicode char U+00DC (decimal 220)
   defining Unicode char U+00DD (decimal 221)
   defining Unicode char U+00DE (decimal 222)
   defining Unicode char U+00DF (decimal 223)
   defining Unicode char U+00E0 (decimal 224)
   defining Unicode char U+00E1 (decimal 225)
   defining Unicode char U+00E2 (decimal 226)
   defining Unicode char U+00E3 (decimal 227)
   defining Unicode char U+00E4 (decimal 228)
   defining Unicode char U+00E5 (decimal 229)
   defining Unicode char U+00E6 (decimal 230)
   defining Unicode char U+00E7 (decimal 231)
   defining Unicode char U+00E8 (decimal 232)
   defining Unicode char U+00E9 (decimal 233)
   defining Unicode char U+00EA (decimal 234)
   defining Unicode char U+00EB (decimal 235)
   defining Unicode char U+00EC (decimal 236)
   defining Unicode char U+00ED (decimal 237)
   defining Unicode char U+00EE (decimal 238)
   defining Unicode char U+00EF (decimal 239)
   defining Unicode char U+00F0 (decimal 240)
   defining Unicode char U+00F1 (decimal 241)
   defining Unicode char U+00F2 (decimal 242)
   defining Unicode char U+00F3 (decimal 243)
   defining Unicode char U+00F4 (decimal 244)
   defining Unicode char U+00F5 (decimal 245)
   defining Unicode char U+00F6 (decimal 246)
   defining Unicode char U+00F8 (decimal 248)
   defining Unicode char U+00F9 (decimal 249)
   defining Unicode char U+00FA (decimal 250)
   defining Unicode char U+00FB (decimal 251)
   defining Unicode char U+00FC (decimal 252)
   defining Unicode char U+00FD (decimal 253)
   defining Unicode char U+00FE (decimal 254)
   defining Unicode char U+00FF (decimal 255)
   defining Unicode char U+0100 (decimal 256)
   defining Unicode char U+0101 (decimal 257)
   defining Unicode char U+0102 (decimal 258)
   defining Unicode char U+0103 (decimal 259)
   defining Unicode char U+0104 (decimal 260)
   defining Unicode char U+0105 (decimal 261)
   defining Unicode char U+0106 (decimal 262)
   defining Unicode char U+0107 (decimal 263)
   defining Unicode char U+0108 (decimal 264)
   defining Unicode char U+0109 (decimal 265)
   defining Unicode char U+010A (decimal 266)
   defining Unicode char U+010B (decimal 267)
   defining Unicode char U+010C (decimal 268)
   defining Unicode char U+010D (decimal 269)
   defining Unicode char U+010E (decimal 270)
   defining Unicode char U+010F (decimal 271)
   defining Unicode char U+0110 (decimal 272)
   defining Unicode char U+0111 (decimal 273)
   defining Unicode char U+0112 (decimal 274)
   defining Unicode char U+0113 (decimal 275)
   defining Unicode char U+0114 (decimal 276)
   defining Unicode char U+0115 (decimal 277)
   defining Unicode char U+0116 (decimal 278)
   defining Unicode char U+0117 (decimal 279)
   defining Unicode char U+0118 (decimal 280)
   defining Unicode char U+0119 (decimal 281)
   defining Unicode char U+011A (decimal 282)
   defining Unicode char U+011B (decimal 283)
   defining Unicode char U+011C (decimal 284)
   defining Unicode char U+011D (decimal 285)
   defining Unicode char U+011E (decimal 286)
   defining Unicode char U+011F (decimal 287)
   defining Unicode char U+0120 (decimal 288)
   defining Unicode char U+0121 (decimal 289)
   defining Unicode char U+0122 (decimal 290)
   defining Unicode char U+0123 (decimal 291)
   defining Unicode char U+0124 (decimal 292)
   defining Unicode char U+0125 (decimal 293)
   defining Unicode char U+0128 (decimal 296)
   defining Unicode char U+0129 (decimal 297)
   defining Unicode char U+012A (decimal 298)
   defining Unicode char U+012B (decimal 299)
   defining Unicode char U+012C (decimal 300)
   defining Unicode char U+012D (decimal 301)
   defining Unicode char U+012E (decimal 302)
   defining Unicode char U+012F (decimal 303)
   defining Unicode char U+0130 (decimal 304)
   defining Unicode char U+0131 (decimal 305)
   defining Unicode char U+0132 (decimal 306)
   defining Unicode char U+0133 (decimal 307)
   defining Unicode char U+0134 (decimal 308)
   defining Unicode char U+0135 (decimal 309)
   defining Unicode char U+0136 (decimal 310)
   defining Unicode char U+0137 (decimal 311)
   defining Unicode char U+0139 (decimal 313)
   defining Unicode char U+013A (decimal 314)
   defining Unicode char U+013B (decimal 315)
   defining Unicode char U+013C (decimal 316)
   defining Unicode char U+013D (decimal 317)
   defining Unicode char U+013E (decimal 318)
   defining Unicode char U+0141 (decimal 321)
   defining Unicode char U+0142 (decimal 322)
   defining Unicode char U+0143 (decimal 323)
   defining Unicode char U+0144 (decimal 324)
   defining Unicode char U+0145 (decimal 325)
   defining Unicode char U+0146 (decimal 326)
   defining Unicode char U+0147 (decimal 327)
   defining Unicode char U+0148 (decimal 328)
   defining Unicode char U+014A (decimal 330)
   defining Unicode char U+014B (decimal 331)
   defining Unicode char U+014C (decimal 332)
   defining Unicode char U+014D (decimal 333)
   defining Unicode char U+014E (decimal 334)
   defining Unicode char U+014F (decimal 335)
   defining Unicode char U+0150 (decimal 336)
   defining Unicode char U+0151 (decimal 337)
   defining Unicode char U+0152 (decimal 338)
   defining Unicode char U+0153 (decimal 339)
   defining Unicode char U+0154 (decimal 340)
   defining Unicode char U+0155 (decimal 341)
   defining Unicode char U+0156 (decimal 342)
   defining Unicode char U+0157 (decimal 343)
   defining Unicode char U+0158 (decimal 344)
   defining Unicode char U+0159 (decimal 345)
   defining Unicode char U+015A (decimal 346)
   defining Unicode char U+015B (decimal 347)
   defining Unicode char U+015C (decimal 348)
   defining Unicode char U+015D (decimal 349)
   defining Unicode char U+015E (decimal 350)
   defining Unicode char U+015F (decimal 351)
   defining Unicode char U+0160 (decimal 352)
   defining Unicode char U+0161 (decimal 353)
   defining Unicode char U+0162 (decimal 354)
   defining Unicode char U+0163 (decimal 355)
   defining Unicode char U+0164 (decimal 356)
   defining Unicode char U+0165 (decimal 357)
   defining Unicode char U+0168 (decimal 360)
   defining Unicode char U+0169 (decimal 361)
   defining Unicode char U+016A (decimal 362)
   defining Unicode char U+016B (decimal 363)
   defining Unicode char U+016C (decimal 364)
   defining Unicode char U+016D (decimal 365)
   defining Unicode char U+016E (decimal 366)
   defining Unicode char U+016F (decimal 367)
   defining Unicode char U+0170 (decimal 368)
   defining Unicode char U+0171 (decimal 369)
   defining Unicode char U+0172 (decimal 370)
   defining Unicode char U+0173 (decimal 371)
   defining Unicode char U+0174 (decimal 372)
   defining Unicode char U+0175 (decimal 373)
   defining Unicode char U+0176 (decimal 374)
   defining Unicode char U+0177 (decimal 375)
   defining Unicode char U+0178 (decimal 376)
   defining Unicode char U+0179 (decimal 377)
   defining Unicode char U+017A (decimal 378)
   defining Unicode char U+017B (decimal 379)
   defining Unicode char U+017C (decimal 380)
   defining Unicode char U+017D (decimal 381)
   defining Unicode char U+017E (decimal 382)
   defining Unicode char U+01CD (decimal 461)
   defining Unicode char U+01CE (decimal 462)
   defining Unicode char U+01CF (decimal 463)
   defining Unicode char U+01D0 (decimal 464)
   defining Unicode char U+01D1 (decimal 465)
   defining Unicode char U+01D2 (decimal 466)
   defining Unicode char U+01D3 (decimal 467)
   defining Unicode char U+01D4 (decimal 468)
   defining Unicode char U+01E2 (decimal 482)
   defining Unicode char U+01E3 (decimal 483)
   defining Unicode char U+01E6 (decimal 486)
   defining Unicode char U+01E7 (decimal 487)
   defining Unicode char U+01E8 (decimal 488)
   defining Unicode char U+01E9 (decimal 489)
   defining Unicode char U+01EA (decimal 490)
   defining Unicode char U+01EB (decimal 491)
   defining Unicode char U+01F0 (decimal 496)
   defining Unicode char U+01F4 (decimal 500)
   defining Unicode char U+01F5 (decimal 501)
   defining Unicode char U+0218 (decimal 536)
   defining Unicode char U+0219 (decimal 537)
   defining Unicode char U+021A (decimal 538)
   defining Unicode char U+021B (decimal 539)
   defining Unicode char U+1E02 (decimal 7682)
   defining Unicode char U+1E03 (decimal 7683)
   defining Unicode char U+200C (decimal 8204)
   defining Unicode char U+2010 (decimal 8208)
   defining Unicode char U+2011 (decimal 8209)
   defining Unicode char U+2012 (decimal 8210)
   defining Unicode char U+2013 (decimal 8211)
   defining Unicode char U+2014 (decimal 8212)
   defining Unicode char U+2015 (decimal 8213)
   defining Unicode char U+2018 (decimal 8216)
   defining Unicode char U+2019 (decimal 8217)
   defining Unicode char U+201A (decimal 8218)
   defining Unicode char U+201C (decimal 8220)
   defining Unicode char U+201D (decimal 8221)
   defining Unicode char U+201E (decimal 8222)
   defining Unicode char U+2030 (decimal 8240)
   defining Unicode char U+2031 (decimal 8241)
   defining Unicode char U+2039 (decimal 8249)
   defining Unicode char U+203A (decimal 8250)
   defining Unicode char U+2423 (decimal 9251)
)
Now handling font encoding OT1 ...
... processing UTF-8 mapping file for font encoding OT1

("C:\Program Files (x86)\MiKTeX 2.9\tex\latex\base\ot1enc.dfu"
File: ot1enc.dfu 2016/02/28 v1.1s UTF-8 support for inputenc
   defining Unicode char U+00A0 (decimal 160)
   defining Unicode char U+00A1 (decimal 161)
   defining Unicode char U+00A3 (decimal 163)
   defining Unicode char U+00AD (decimal 173)
   defining Unicode char U+00B8 (decimal 184)
   defining Unicode char U+00BF (decimal 191)
   defining Unicode char U+00C5 (decimal 197)
   defining Unicode char U+00C6 (decimal 198)
   defining Unicode char U+00D8 (decimal 216)
   defining Unicode char U+00DF (decimal 223)
   defining Unicode char U+00E6 (decimal 230)
   defining Unicode char U+00EC (decimal 236)
   defining Unicode char U+00ED (decimal 237)
   defining Unicode char U+00EE (decimal 238)
   defining Unicode char U+00EF (decimal 239)
   defining Unicode char U+00F8 (decimal 248)
   defining Unicode char U+0131 (decimal 305)
   defining Unicode char U+0141 (decimal 321)
   defining Unicode char U+0142 (decimal 322)
   defining Unicode char U+0152 (decimal 338)
   defining Unicode char U+0153 (decimal 339)
   defining Unicode char U+0174 (decimal 372)
   defining Unicode char U+0175 (decimal 373)
   defining Unicode char U+0176 (decimal 374)
   defining Unicode char U+0177 (decimal 375)
   defining Unicode char U+0218 (decimal 536)
   defining Unicode char U+0219 (decimal 537)
   defining Unicode char U+021A (decimal 538)
   defining Unicode char U+021B (decimal 539)
   defining Unicode char U+2013 (decimal 8211)
   defining Unicode char U+2014 (decimal 8212)
   defining Unicode char U+2018 (decimal 8216)
   defining Unicode char U+2019 (decimal 8217)
   defining Unicode char U+201C (decimal 8220)
   defining Unicode char U+201D (decimal 8221)
)
Now handling font encoding OMS ...
... processing UTF-8 mapping file for font encoding OMS

("C:\Program Files (x86)\MiKTeX 2.9\tex\latex\base\omsenc.dfu"
File: omsenc.dfu 2016/02/28 v1.1s UTF-8 support for inputenc
   defining Unicode char U+00A7 (decimal 167)
   defining Unicode char U+00B6 (decimal 182)
   defining Unicode char U+00B7 (decimal 183)
   defining Unicode char U+2020 (decimal 8224)
   defining Unicode char U+2021 (decimal 8225)
   defining Unicode char U+2022 (decimal 8226)
)
Now handling font encoding OMX ...
... no UTF-8 mapping file for font encoding OMX
Now handling font encoding U ...
... no UTF-8 mapping file for font encoding U
Now handling font encoding PD1 ...
... no UTF-8 mapping file for font encoding PD1
   defining Unicode char U+00A9 (decimal 169)
   defining Unicode char U+00AA (decimal 170)
   defining Unicode char U+00AE (decimal 174)
   defining Unicode char U+00BA (decimal 186)
   defining Unicode char U+02C6 (decimal 710)
   defining Unicode char U+02DC (decimal 732)
   defining Unicode char U+200C (decimal 8204)
   defining Unicode char U+2026 (decimal 8230)
   defining Unicode char U+2122 (decimal 8482)
   defining Unicode char U+2423 (decimal 9251)
))
("C:\Program Files (x86)\MiKTeX 2.9\tex\generic\babel\babel.sty"
Package: babel 2016/04/23 3.9r The Babel package

*************************************
* Local config file bblopts.cfg used
*

("C:\Users\Niels Skov Vestergaa\AppData\Roaming\MiKTeX\2.9\tex\latex\arabi\bblo
pts.cfg"
File: bblopts.cfg 2005/09/08 v0.1 add Arabic and Farsi to "declared" options of
 babel
)
("C:\Program Files (x86)\MiKTeX 2.9\tex\latex\babel-english\english.ldf"
Language: english 2012/08/20 v3.3p English support from the babel system

("C:\Program Files (x86)\MiKTeX 2.9\tex\generic\babel\babel.def"
File: babel.def 2016/04/23 3.9r Babel common definitions
\babel@savecnt=\count176
\U@D=\dimen257
LaTeX Info: Redefining \textlatin on input line 1448.
)
\l@canadian = a dialect from \language\l@american 
\l@australian = a dialect from \language\l@british 
\l@newzealand = a dialect from \language\l@british 
))
("C:\Program Files (x86)\MiKTeX 2.9\tex\latex\base\fontenc.sty"
Package: fontenc 2005/09/27 v1.99g Standard LaTeX package

("C:\Program Files (x86)\MiKTeX 2.9\tex\latex\base\t1enc.def"
File: t1enc.def 2005/09/27 v1.99g Standard LaTeX file
LaTeX Font Info:    Redeclaring font encoding T1 on input line 48.
))
("C:\Program Files (x86)\MiKTeX 2.9\tex\latex\psnfss\helvet.sty"
Package: helvet 2005/04/12 PSNFSS-v9.2a (WaS) 
)

Package hyperref Warning: Token not allowed in a PDF string (PDFDocEncoding):
(hyperref)                removing `\new@ifnextchar' on input line 75.

(Presentation.aux)
\openout1 = `Presentation.aux'.

LaTeX Font Info:    Checking defaults for OML/cmm/m/it on input line 75.
LaTeX Font Info:    ... okay on input line 75.
LaTeX Font Info:    Checking defaults for T1/cmr/m/n on input line 75.
LaTeX Font Info:    ... okay on input line 75.
LaTeX Font Info:    Checking defaults for OT1/cmr/m/n on input line 75.
LaTeX Font Info:    ... okay on input line 75.
LaTeX Font Info:    Checking defaults for OMS/cmsy/m/n on input line 75.
LaTeX Font Info:    ... okay on input line 75.
LaTeX Font Info:    Checking defaults for OMX/cmex/m/n on input line 75.
LaTeX Font Info:    ... okay on input line 75.
LaTeX Font Info:    Checking defaults for U/cmr/m/n on input line 75.
LaTeX Font Info:    ... okay on input line 75.
LaTeX Font Info:    Checking defaults for PD1/pdf/m/n on input line 75.
LaTeX Font Info:    ... okay on input line 75.
LaTeX Font Info:    Try loading font information for T1+phv on input line 75.
 ("C:\Program Files (x86)\MiKTeX 2.9\tex\latex\psnfss\t1phv.fd"
File: t1phv.fd 2001/06/04 scalable font definitions for T1/phv.
)
*geometry* driver: auto-detecting
*geometry* detected driver: pdftex
*geometry* verbose mode - [ preamble ] result:
* driver: pdftex
* paper: custom
* layout: <same size as paper>
* layoutoffset:(h,v)=(0.0pt,0.0pt)
* modes: includehead includefoot 
* h-part:(L,W,R)=(28.45274pt, 307.28987pt, 28.45274pt)
* v-part:(T,H,B)=(0.0pt, 273.14662pt, 0.0pt)
* \paperwidth=364.19536pt
* \paperheight=273.14662pt
* \textwidth=307.28987pt
* \textheight=244.6939pt
* \oddsidemargin=-43.81725pt
* \evensidemargin=-43.81725pt
* \topmargin=-72.26999pt
* \headheight=14.22636pt
* \headsep=0.0pt
* \topskip=10.0pt
* \footskip=14.22636pt
* \marginparwidth=3.0pt
* \marginparsep=11.0pt
* \columnsep=10.0pt
* \skip\footins=9.0pt plus 4.0pt minus 2.0pt
* \hoffset=0.0pt
* \voffset=0.0pt
* \mag=1000
* \@twocolumnfalse
* \@twosidefalse
* \@mparswitchfalse
* \@reversemarginfalse
* (1in=72.27pt=25.4mm, 1cm=28.453pt)


("C:\Users\Niels Skov Vestergaa\AppData\Roaming\MiKTeX\2.9\tex\context\base\sup
p-pdf.mkii"
[Loading MPS to PDF converter (version 2006.09.02).]
\scratchcounter=\count177
\scratchdimen=\dimen258
\scratchbox=\box58
\nofMPsegments=\count178
\nofMParguments=\count179
\everyMPshowfont=\toks47
\MPscratchCnt=\count180
\MPscratchDim=\dimen259
\MPnumerator=\count181
\makeMPintoPDFobject=\count182
\everyMPtoPDFconversion=\toks48
) ("C:\Program Files (x86)\MiKTeX 2.9\tex\latex\oberdiek\epstopdf-base.sty"
Package: epstopdf-base 2016/05/15 v2.6 Base part for package epstopdf

("C:\Program Files (x86)\MiKTeX 2.9\tex\latex\oberdiek\grfext.sty"
Package: grfext 2016/05/16 v1.2 Manage graphics extensions (HO)
)
Package grfext Info: Graphics extension search list:
(grfext)             [.png,.pdf,.jpg,.mps,.jpeg,.jbig2,.jb2,.PNG,.PDF,.JPG,.JPE
G,.JBIG2,.JB2,.eps]
(grfext)             \AppendGraphicsExtensions on input line 456.
)
ABD: EveryShipout initializing macros
\AtBeginShipoutBox=\box59
Package hyperref Info: Link coloring OFF on input line 75.

("C:\Program Files (x86)\MiKTeX 2.9\tex\latex\hyperref\nameref.sty"
Package: nameref 2016/05/21 v2.44 Cross-referencing by name of section

("C:\Program Files (x86)\MiKTeX 2.9\tex\generic\oberdiek\gettitlestring.sty"
Package: gettitlestring 2016/05/16 v1.5 Cleanup title references (HO)
)
\c@section@level=\count183
)
LaTeX Info: Redefining \ref on input line 75.
LaTeX Info: Redefining \pageref on input line 75.
LaTeX Info: Redefining \nameref on input line 75.

(Presentation.out) (Presentation.out)
\@outlinefile=\write5
\openout5 = `Presentation.out'.

LaTeX Font Info:    Overwriting symbol font `operators' in version `normal'
(Font)                  OT1/cmr/m/n --> OT1/cmss/m/n on input line 75.
LaTeX Font Info:    Overwriting symbol font `operators' in version `bold'
(Font)                  OT1/cmr/bx/n --> OT1/cmss/bx/n on input line 75.
\symnumbers=\mathgroup6
\sympureletters=\mathgroup7
LaTeX Font Info:    Overwriting math alphabet `\mathrm' in version `normal'
(Font)                  OT1/cmss/m/n --> T1/cmr/m/n on input line 75.
LaTeX Font Info:    Redeclaring math alphabet \mathbf on input line 75.
LaTeX Font Info:    Overwriting math alphabet `\mathbf' in version `normal'
(Font)                  OT1/cmr/bx/n --> T1/phv/bx/n on input line 75.
LaTeX Font Info:    Overwriting math alphabet `\mathbf' in version `bold'
(Font)                  OT1/cmr/bx/n --> T1/phv/bx/n on input line 75.
LaTeX Font Info:    Redeclaring math alphabet \mathsf on input line 75.
LaTeX Font Info:    Overwriting math alphabet `\mathsf' in version `normal'
(Font)                  OT1/cmss/m/n --> T1/phv/m/n on input line 75.
LaTeX Font Info:    Overwriting math alphabet `\mathsf' in version `bold'
(Font)                  OT1/cmss/bx/n --> T1/phv/m/n on input line 75.
LaTeX Font Info:    Redeclaring math alphabet \mathit on input line 75.
LaTeX Font Info:    Overwriting math alphabet `\mathit' in version `normal'
(Font)                  OT1/cmr/m/it --> T1/phv/m/it on input line 75.
LaTeX Font Info:    Overwriting math alphabet `\mathit' in version `bold'
(Font)                  OT1/cmr/bx/it --> T1/phv/m/it on input line 75.
LaTeX Font Info:    Redeclaring math alphabet \mathtt on input line 75.
LaTeX Font Info:    Overwriting math alphabet `\mathtt' in version `normal'
(Font)                  OT1/cmtt/m/n --> T1/cmtt/m/n on input line 75.
LaTeX Font Info:    Overwriting math alphabet `\mathtt' in version `bold'
(Font)                  OT1/cmtt/m/n --> T1/cmtt/m/n on input line 75.
LaTeX Font Info:    Overwriting symbol font `numbers' in version `bold'
(Font)                  T1/phv/m/n --> T1/phv/bx/n on input line 75.
LaTeX Font Info:    Overwriting symbol font `pureletters' in version `bold'
(Font)                  T1/phv/m/it --> T1/phv/bx/it on input line 75.
LaTeX Font Info:    Overwriting math alphabet `\mathrm' in version `bold'
(Font)                  OT1/cmss/bx/n --> T1/cmr/bx/n on input line 75.
LaTeX Font Info:    Overwriting math alphabet `\mathbf' in version `bold'
(Font)                  T1/phv/bx/n --> T1/phv/bx/n on input line 75.
LaTeX Font Info:    Overwriting math alphabet `\mathsf' in version `bold'
(Font)                  T1/phv/m/n --> T1/phv/bx/n on input line 75.
LaTeX Font Info:    Overwriting math alphabet `\mathit' in version `bold'
(Font)                  T1/phv/m/it --> T1/phv/bx/it on input line 75.
LaTeX Font Info:    Overwriting math alphabet `\mathtt' in version `bold'
(Font)                  T1/cmtt/m/n --> T1/cmtt/bx/n on input line 75.

("C:\Users\Niels Skov Vestergaa\AppData\Roaming\MiKTeX\2.9\tex\latex\beamer\bas
e\translator\dicts\translator-basic-dictionary\translator-basic-dictionary-Engl
ish.dict"
Dictionary: translator-basic-dictionary, Language: English 
)
("C:\Users\Niels Skov Vestergaa\AppData\Roaming\MiKTeX\2.9\tex\latex\beamer\bas
e\translator\dicts\translator-bibliography-dictionary\translator-bibliography-d
ictionary-English.dict"
Dictionary: translator-bibliography-dictionary, Language: English 
)
("C:\Users\Niels Skov Vestergaa\AppData\Roaming\MiKTeX\2.9\tex\latex\beamer\bas
e\translator\dicts\translator-environment-dictionary\translator-environment-dic
tionary-English.dict"
Dictionary: translator-environment-dictionary, Language: English 
)
("C:\Users\Niels Skov Vestergaa\AppData\Roaming\MiKTeX\2.9\tex\latex\beamer\bas
e\translator\dicts\translator-months-dictionary\translator-months-dictionary-En
glish.dict"
Dictionary: translator-months-dictionary, Language: English 
)
("C:\Users\Niels Skov Vestergaa\AppData\Roaming\MiKTeX\2.9\tex\latex\beamer\bas
e\translator\dicts\translator-numbers-dictionary\translator-numbers-dictionary-
English.dict"
Dictionary: translator-numbers-dictionary, Language: English 
)
("C:\Users\Niels Skov Vestergaa\AppData\Roaming\MiKTeX\2.9\tex\latex\beamer\bas
e\translator\dicts\translator-theorem-dictionary\translator-theorem-dictionary-
English.dict"
Dictionary: translator-theorem-dictionary, Language: English 
)
LaTeX Info: Redefining \includegraphics on input line 75.
 (Presentation.nav)
<AAUgraphics/aau_logo_new_circle.pdf, id=68, 79.29625pt x 80.3pt>
File: AAUgraphics/aau_logo_new_circle.pdf Graphic file (type pdf)

<use AAUgraphics/aau_logo_new_circle.pdf>
Package pdftex.def Info: AAUgraphics/aau_logo_new_circle.pdf used on input line
 75.
(pdftex.def)             Requested size: 38.47491pt x 38.9626pt.
 ( FP-EVAL ( FP-UPN ( FP-MUL )
( FP-DIV ) ) ) (macros.tex
("C:\Users\Niels Skov Vestergaa\AppData\Roaming\MiKTeX\2.9\tex\generic\pgf\fron
tendlayer\tikz\libraries\tikzlibrarycalc.code.tex"
File: tikzlibrarycalc.code.tex 2013/07/15 v3.0.1a (rcs-revision 1.9)
)
("C:\Users\Niels Skov Vestergaa\AppData\Roaming\MiKTeX\2.9\tex\generic\pgf\fron
tendlayer\tikz\libraries\tikzlibrarybackgrounds.code.tex"
File: tikzlibrarybackgrounds.code.tex 2013/07/18 v3.0.1a (rcs-revision 1.3)
\pgf@layerbox@background=\box60
\pgf@layerboxsaved@background=\box61
))
<figures/quadcopter.png, id=69, 763.653pt x 734.745pt>
File: figures/quadcopter.png Graphic file (type png)

<use figures/quadcopter.png>
Package pdftex.def Info: figures/quadcopter.png used on input line 81.
(pdftex.def)             Requested size: 170.71652pt x 164.2454pt.
LaTeX Font Info:    Try loading font information for U+msa on input line 81.

("C:\Program Files (x86)\MiKTeX 2.9\tex\latex\amsfonts\umsa.fd"
File: umsa.fd 2013/01/14 v3.01 AMS symbols A
)
LaTeX Font Info:    Try loading font information for U+msb on input line 81.

("C:\Program Files (x86)\MiKTeX 2.9\tex\latex\amsfonts\umsb.fd"
File: umsb.fd 2013/01/14 v3.01 AMS symbols B
)
LaTeX Font Info:    Font shape `T1/phv/m/it' in size <10> not available
(Font)              Font shape `T1/phv/m/sl' tried instead on input line 81.
LaTeX Font Info:    Font shape `T1/phv/m/it' in size <7> not available
(Font)              Font shape `T1/phv/m/sl' tried instead on input line 81.
LaTeX Font Info:    Font shape `T1/phv/m/it' in size <5> not available
(Font)              Font shape `T1/phv/m/sl' tried instead on input line 81.
 [1

{C:/Users/Niels Skov Vestergaa/AppData/Local/MiKTeX/2.9/pdftex/config/pdftex.ma
p} <./figures/quadcopter.png>] (Presentation.toc)
File: AAUgraphics/aau_logo_new_circle.pdf Graphic file (type pdf)

<use AAUgraphics/aau_logo_new_circle.pdf>
Package pdftex.def Info: AAUgraphics/aau_logo_new_circle.pdf used on input line
 86.
(pdftex.def)             Requested size: 38.47491pt x 38.9626pt.
 ( FP-EVAL ( FP-UPN ( FP-MUL )
( FP-DIV ) ) ) [2

 <./AAUgraphics/aau_logo_new_circle.pdf>] (Noelia.tex
File: AAUgraphics/aau_logo_new_circle.pdf Graphic file (type pdf)

<use AAUgraphics/aau_logo_new_circle.pdf>
Package pdftex.def Info: AAUgraphics/aau_logo_new_circle.pdf used on input line
 7.
(pdftex.def)             Requested size: 38.47491pt x 38.9626pt.
 ( FP-EVAL ( FP-UPN ( FP-MUL )
( FP-DIV ) ) ) [3

]
File: AAUgraphics/aau_logo_new_circle.pdf Graphic file (type pdf)
 <use AAUgraphics/aau_logo_new_circle.pdf>
Package pdftex.def Info: AAUgraphics/aau_logo_new_circle.pdf used on input line
 12.
(pdftex.def)             Requested size: 38.47491pt x 38.9626pt.
 ( FP-EVAL
( FP-UPN ( FP-MUL ) ( FP-DIV ) ) ) [4

]
File: AAUgraphics/aau_logo_new_circle.pdf Graphic file (type pdf)

<use AAUgraphics/aau_logo_new_circle.pdf>
Package pdftex.def Info: AAUgraphics/aau_logo_new_circle.pdf used on input line
 17.
(pdftex.def)             Requested size: 38.47491pt x 38.9626pt.
 ( FP-EVAL ( FP-UPN ( FP-MUL )
( FP-DIV ) ) ) [5

]
File: AAUgraphics/aau_logo_new_circle.pdf Graphic file (type pdf)
 <use AAUgraphics/aau_logo_new_circle.pdf>
Package pdftex.def Info: AAUgraphics/aau_logo_new_circle.pdf used on input line
 23.
(pdftex.def)             Requested size: 38.47491pt x 38.9626pt.
 ( FP-EVAL
( FP-UPN ( FP-MUL ) ( FP-DIV ) ) ) [6

] (Presentation.toc)
File: AAUgraphics/aau_logo_new_circle.pdf Graphic file (type pdf)

<use AAUgraphics/aau_logo_new_circle.pdf>
Package pdftex.def Info: AAUgraphics/aau_logo_new_circle.pdf used on input line
 29.
(pdftex.def)             Requested size: 38.47491pt x 38.9626pt.
 ( FP-EVAL ( FP-UPN ( FP-MUL )
( FP-DIV ) ) ) [7

]) (Amalie.tex
<figures/dronediagram1.pdf, id=148, 615.15503pt x 578.7572pt>
File: figures/dronediagram1.pdf Graphic file (type pdf)

<use figures/dronediagram1.pdf>
Package pdftex.def Info: figures/dronediagram1.pdf used on input line 49.
(pdftex.def)             Requested size: 307.28987pt x 289.11295pt.

Overfull \vbox (98.96498pt too high) detected at line 49
 []

File: AAUgraphics/aau_logo_new_circle.pdf Graphic file (type pdf)
<use AAUgraphics/aau_logo_new_circle.pdf>
Package pdftex.def Info: AAUgraphics/aau_logo_new_circle.pdf used on input line
 49.
(pdftex.def)             Requested size: 38.47491pt x 38.9626pt.
 ( FP-EVAL ( FP-UPN ( FP-MUL )
( FP-DIV ) ) ) [8

 <./figures/dronediagram1.pdf>]
<figures/dronediagram2.pdf, id=155, 615.15503pt x 578.7572pt>
File: figures/dronediagram2.pdf Graphic file (type pdf)

<use figures/dronediagram2.pdf>
Package pdftex.def Info: figures/dronediagram2.pdf used on input line 49.
(pdftex.def)             Requested size: 307.28987pt x 289.11295pt.

Overfull \vbox (98.96498pt too high) detected at line 49
 []

File: AAUgraphics/aau_logo_new_circle.pdf Graphic file (type pdf)
<use AAUgraphics/aau_logo_new_circle.pdf>
Package pdftex.def Info: AAUgraphics/aau_logo_new_circle.pdf used on input line
 49.
(pdftex.def)             Requested size: 38.47491pt x 38.9626pt.
 ( FP-EVAL ( FP-UPN ( FP-MUL )
( FP-DIV ) ) ) [9

 <./figures/dronediagram2.pdf>]
<figures/dronediagram3.pdf, id=163, 615.15503pt x 578.7572pt>
File: figures/dronediagram3.pdf Graphic file (type pdf)

<use figures/dronediagram3.pdf>
Package pdftex.def Info: figures/dronediagram3.pdf used on input line 49.
(pdftex.def)             Requested size: 307.28987pt x 289.11295pt.

Overfull \vbox (98.96498pt too high) detected at line 49
 []

File: AAUgraphics/aau_logo_new_circle.pdf Graphic file (type pdf)
<use AAUgraphics/aau_logo_new_circle.pdf>
Package pdftex.def Info: AAUgraphics/aau_logo_new_circle.pdf used on input line
 49.
(pdftex.def)             Requested size: 38.47491pt x 38.9626pt.
 ( FP-EVAL ( FP-UPN ( FP-MUL )
( FP-DIV ) ) ) [10

 <./figures/dronediagram3.pdf>]
<figures/dronediagram4.pdf, id=171, 615.15503pt x 578.7572pt>
File: figures/dronediagram4.pdf Graphic file (type pdf)

<use figures/dronediagram4.pdf>
Package pdftex.def Info: figures/dronediagram4.pdf used on input line 49.
(pdftex.def)             Requested size: 307.28987pt x 289.11295pt.

Overfull \vbox (98.96498pt too high) detected at line 49
 []

File: AAUgraphics/aau_logo_new_circle.pdf Graphic file (type pdf)
<use AAUgraphics/aau_logo_new_circle.pdf>
Package pdftex.def Info: AAUgraphics/aau_logo_new_circle.pdf used on input line
 49.
(pdftex.def)             Requested size: 38.47491pt x 38.9626pt.
 ( FP-EVAL ( FP-UPN ( FP-MUL )
( FP-DIV ) ) ) [11

 <./figures/dronediagram4.pdf>]
<figures/dronediagram5.pdf, id=179, 615.15503pt x 578.7572pt>
File: figures/dronediagram5.pdf Graphic file (type pdf)

<use figures/dronediagram5.pdf>
Package pdftex.def Info: figures/dronediagram5.pdf used on input line 49.
(pdftex.def)             Requested size: 307.28987pt x 289.11295pt.

Overfull \vbox (98.96498pt too high) detected at line 49
 []

File: AAUgraphics/aau_logo_new_circle.pdf Graphic file (type pdf)
<use AAUgraphics/aau_logo_new_circle.pdf>
Package pdftex.def Info: AAUgraphics/aau_logo_new_circle.pdf used on input line
 49.
(pdftex.def)             Requested size: 38.47491pt x 38.9626pt.
 ( FP-EVAL ( FP-UPN ( FP-MUL )
( FP-DIV ) ) ) [12

 <./figures/dronediagram5.pdf>]
<figures/dronediagram6.pdf, id=187, 615.15503pt x 578.7572pt>
File: figures/dronediagram6.pdf Graphic file (type pdf)

<use figures/dronediagram6.pdf>
Package pdftex.def Info: figures/dronediagram6.pdf used on input line 49.
(pdftex.def)             Requested size: 307.28987pt x 289.11295pt.

Overfull \vbox (98.96498pt too high) detected at line 49
 []

File: AAUgraphics/aau_logo_new_circle.pdf Graphic file (type pdf)
<use AAUgraphics/aau_logo_new_circle.pdf>
Package pdftex.def Info: AAUgraphics/aau_logo_new_circle.pdf used on input line
 49.
(pdftex.def)             Requested size: 38.47491pt x 38.9626pt.
 ( FP-EVAL ( FP-UPN ( FP-MUL )
( FP-DIV ) ) ) [13

 <./figures/dronediagram6.pdf>]
<figures/dronediagram7.pdf, id=196, 615.15503pt x 578.7572pt>
File: figures/dronediagram7.pdf Graphic file (type pdf)

<use figures/dronediagram7.pdf>
Package pdftex.def Info: figures/dronediagram7.pdf used on input line 49.
(pdftex.def)             Requested size: 307.28987pt x 289.11295pt.

Overfull \vbox (98.96498pt too high) detected at line 49
 []

File: AAUgraphics/aau_logo_new_circle.pdf Graphic file (type pdf)
<use AAUgraphics/aau_logo_new_circle.pdf>
Package pdftex.def Info: AAUgraphics/aau_logo_new_circle.pdf used on input line
 49.
(pdftex.def)             Requested size: 38.47491pt x 38.9626pt.
 ( FP-EVAL ( FP-UPN ( FP-MUL )
( FP-DIV ) ) ) [14

 <./figures/dronediagram7.pdf>]
<figures/dronediagram8.pdf, id=204, 615.15503pt x 578.7572pt>
File: figures/dronediagram8.pdf Graphic file (type pdf)

<use figures/dronediagram8.pdf>
Package pdftex.def Info: figures/dronediagram8.pdf used on input line 49.
(pdftex.def)             Requested size: 307.28987pt x 289.11295pt.

Overfull \vbox (98.96498pt too high) detected at line 49
 []

File: AAUgraphics/aau_logo_new_circle.pdf Graphic file (type pdf)
<use AAUgraphics/aau_logo_new_circle.pdf>
Package pdftex.def Info: AAUgraphics/aau_logo_new_circle.pdf used on input line
 49.
(pdftex.def)             Requested size: 38.47491pt x 38.9626pt.
 ( FP-EVAL ( FP-UPN ( FP-MUL )
( FP-DIV ) ) ) [15

 <./figures/dronediagram8.pdf>]
<figures/dronediagram9.pdf, id=212, 615.15503pt x 578.7572pt>
File: figures/dronediagram9.pdf Graphic file (type pdf)

<use figures/dronediagram9.pdf>
Package pdftex.def Info: figures/dronediagram9.pdf used on input line 49.
(pdftex.def)             Requested size: 307.28987pt x 289.11295pt.

Overfull \vbox (98.96498pt too high) detected at line 49
 []

File: AAUgraphics/aau_logo_new_circle.pdf Graphic file (type pdf)
<use AAUgraphics/aau_logo_new_circle.pdf>
Package pdftex.def Info: AAUgraphics/aau_logo_new_circle.pdf used on input line
 49.
(pdftex.def)             Requested size: 38.47491pt x 38.9626pt.
 ( FP-EVAL ( FP-UPN ( FP-MUL )
( FP-DIV ) ) ) [16

 <./figures/dronediagram9.pdf>]
File: AAUgraphics/aau_logo_new_circle.pdf Graphic file (type pdf)

<use AAUgraphics/aau_logo_new_circle.pdf>
Package pdftex.def Info: AAUgraphics/aau_logo_new_circle.pdf used on input line
 53.
(pdftex.def)             Requested size: 38.47491pt x 38.9626pt.
 ( FP-EVAL ( FP-UPN ( FP-MUL )
( FP-DIV ) ) ) [17

]
File: AAUgraphics/aau_logo_new_circle.pdf Graphic file (type pdf)
 <use AAUgraphics/aau_logo_new_circle.pdf>
Package pdftex.def Info: AAUgraphics/aau_logo_new_circle.pdf used on input line
 57.
(pdftex.def)             Requested size: 38.47491pt x 38.9626pt.
 ( FP-EVAL
( FP-UPN ( FP-MUL ) ( FP-DIV ) ) ) [18

]
File: AAUgraphics/aau_logo_new_circle.pdf Graphic file (type pdf)

<use AAUgraphics/aau_logo_new_circle.pdf>
Package pdftex.def Info: AAUgraphics/aau_logo_new_circle.pdf used on input line
 62.
(pdftex.def)             Requested size: 38.47491pt x 38.9626pt.
 ( FP-EVAL ( FP-UPN ( FP-MUL )
( FP-DIV ) ) ) [19

]
File: AAUgraphics/aau_logo_new_circle.pdf Graphic file (type pdf)
 <use AAUgraphics/aau_logo_new_circle.pdf>
Package pdftex.def Info: AAUgraphics/aau_logo_new_circle.pdf used on input line
 68.
(pdftex.def)             Requested size: 38.47491pt x 38.9626pt.
 ( FP-EVAL
( FP-UPN ( FP-MUL ) ( FP-DIV ) ) ) [20

]
<figures/nonetwork.pdf, id=239, 381.425pt x 308.15125pt>
File: figures/nonetwork.pdf Graphic file (type pdf)

<use figures/nonetwork.pdf>
Package pdftex.def Info: figures/nonetwork.pdf used on input line 95.
(pdftex.def)             Requested size: 150.57372pt x 121.64552pt.

<figures/network.pdf, id=240, 381.425pt x 308.15125pt>
File: figures/network.pdf Graphic file (type pdf)

<use figures/network.pdf>
Package pdftex.def Info: figures/network.pdf used on input line 95.
(pdftex.def)             Requested size: 150.57372pt x 121.64552pt.

Overfull \hbox (7.31583pt too wide) in paragraph at lines 95--95
[]$[]$   $[]$ 
 []

File: AAUgraphics/aau_logo_new_circle.pdf Graphic file (type pdf)
<use AAUgraphics/aau_logo_new_circle.pdf>
Package pdftex.def Info: AAUgraphics/aau_logo_new_circle.pdf used on input line
 95.
(pdftex.def)             Requested size: 38.47491pt x 38.9626pt.
 ( FP-EVAL ( FP-UPN ( FP-MUL )
( FP-DIV ) ) ) [21

 <./figures/nonetwork.pdf> <./figures/network.pdf>]
(Presentation.toc)
File: AAUgraphics/aau_logo_new_circle.pdf Graphic file (type pdf)
 <use AAUgraphics/aau_logo_new_circle.pdf>
Package pdftex.def Info: AAUgraphics/aau_logo_new_circle.pdf used on input line
 101.
(pdftex.def)             Requested size: 38.47491pt x 38.9626pt.
 ( FP-EVAL
( FP-UPN ( FP-MUL ) ( FP-DIV ) ) ) [22

]) (Andrea.tex
<figures/ControlDiagramPoster.pdf, id=390, 1621.17657pt x 513.99928pt>
File: figures/ControlDiagramPoster.pdf Graphic file (type pdf)

<use figures/ControlDiagramPoster.pdf>
Package pdftex.def Info: figures/ControlDiagramPoster.pdf used on input line 6.

(pdftex.def)             Requested size: 324.22957pt x 102.79803pt.

Overfull \hbox (16.9397pt too wide) in paragraph at lines 6--6
 [][] 
 []

File: AAUgraphics/aau_logo_new_circle.pdf Graphic file (type pdf)
<use AAUgraphics/aau_logo_new_circle.pdf>
Package pdftex.def Info: AAUgraphics/aau_logo_new_circle.pdf used on input line
 6.
(pdftex.def)             Requested size: 38.47491pt x 38.9626pt.
 ( FP-EVAL ( FP-UPN ( FP-MUL )
( FP-DIV ) ) ) [23

 <./figures/ControlDiagramPoster.pdf>]
<figures/AttitudeControlDiagram.pdf, id=397, 746.8441pt x 296.42944pt>
File: figures/AttitudeControlDiagram.pdf Graphic file (type pdf)

<use figures/AttitudeControlDiagram.pdf>
Package pdftex.def Info: figures/AttitudeControlDiagram.pdf used on input line 
12.
(pdftex.def)             Requested size: 261.39935pt x 103.75185pt.
File: AAUgraphics/aau_logo_new_circle.pdf Graphic file (type pdf)

<use AAUgraphics/aau_logo_new_circle.pdf>
Package pdftex.def Info: AAUgraphics/aau_logo_new_circle.pdf used on input line
 12.
(pdftex.def)             Requested size: 38.47491pt x 38.9626pt.
 ( FP-EVAL ( FP-UPN ( FP-MUL )
( FP-DIV ) ) ) [24

 <./figures/AttitudeControlDiagram.pdf>]
File: AAUgraphics/aau_logo_new_circle.pdf Graphic file (type pdf)

<use AAUgraphics/aau_logo_new_circle.pdf>
Package pdftex.def Info: AAUgraphics/aau_logo_new_circle.pdf used on input line
 22.
(pdftex.def)             Requested size: 38.47491pt x 38.9626pt.
 ( FP-EVAL ( FP-UPN ( FP-MUL )
( FP-DIV ) ) ) [25

]
<figures/DetailedControllerColorDiagram.pdf, id=410, 681.67392pt x 129.61787pt>
File: figures/DetailedControllerColorDiagram.pdf Graphic file (type pdf)
<use figures/DetailedControllerColorDiagram.pdf>
Package pdftex.def Info: figures/DetailedControllerColorDiagram.pdf used on inp
ut line 36.
(pdftex.def)             Requested size: 238.58943pt x 45.36693pt.
File: AAUgraphics/aau_logo_new_circle.pdf Graphic file (type pdf)

<use AAUgraphics/aau_logo_new_circle.pdf>
Package pdftex.def Info: AAUgraphics/aau_logo_new_circle.pdf used on input line
 36.
(pdftex.def)             Requested size: 38.47491pt x 38.9626pt.
 ( FP-EVAL ( FP-UPN ( FP-MUL )
( FP-DIV ) ) ) [26

 <./figures/DetailedControllerColorDiagram.pdf>]
LaTeX Font Info:    Font shape `T1/phv/bx/n' in size <10> not available
(Font)              Font shape `T1/phv/b/n' tried instead on input line 53.
LaTeX Font Info:    Font shape `T1/phv/bx/n' in size <7> not available
(Font)              Font shape `T1/phv/b/n' tried instead on input line 53.
LaTeX Font Info:    Font shape `T1/phv/bx/n' in size <5> not available
(Font)              Font shape `T1/phv/b/n' tried instead on input line 53.
LaTeX Font Info:    Font shape `T1/phv/bx/it' in size <10> not available
(Font)              Font shape `T1/phv/b/it' tried instead on input line 53.
LaTeX Font Info:    Font shape `T1/phv/b/it' in size <10> not available
(Font)              Font shape `T1/phv/b/sl' tried instead on input line 53.
LaTeX Font Info:    Font shape `T1/phv/bx/it' in size <7> not available
(Font)              Font shape `T1/phv/b/it' tried instead on input line 53.
LaTeX Font Info:    Font shape `T1/phv/b/it' in size <7> not available
(Font)              Font shape `T1/phv/b/sl' tried instead on input line 53.
LaTeX Font Info:    Font shape `T1/phv/bx/it' in size <5> not available
(Font)              Font shape `T1/phv/b/it' tried instead on input line 53.
LaTeX Font Info:    Font shape `T1/phv/b/it' in size <5> not available
(Font)              Font shape `T1/phv/b/sl' tried instead on input line 53.
File: AAUgraphics/aau_logo_new_circle.pdf Graphic file (type pdf)

<use AAUgraphics/aau_logo_new_circle.pdf>
Package pdftex.def Info: AAUgraphics/aau_logo_new_circle.pdf used on input line
 53.
(pdftex.def)             Requested size: 38.47491pt x 38.9626pt.
 ( FP-EVAL ( FP-UPN ( FP-MUL )
( FP-DIV ) ) ) [27

]
<figures/observerDiagram.pdf, id=434, 1503.22235pt x 654.32744pt>
File: figures/observerDiagram.pdf Graphic file (type pdf)

<use figures/observerDiagram.pdf>
Package pdftex.def Info: figures/observerDiagram.pdf used on input line 79.
(pdftex.def)             Requested size: 307.28987pt x 133.75859pt.
File: AAUgraphics/aau_logo_new_circle.pdf Graphic file (type pdf)
 <use AAUgraphics/aau_logo_new_circle.pdf>
Package pdftex.def Info: AAUgraphics/aau_logo_new_circle.pdf used on input line
 79.
(pdftex.def)             Requested size: 38.47491pt x 38.9626pt.

( FP-EVAL ( FP-UPN ( FP-MUL ) ( FP-DIV ) ) ) [28

 <./figures/observerDiagram.pdf>] (Presentation.toc)
File: AAUgraphics/aau_logo_new_circle.pdf Graphic file (type pdf)
 <use AAUgraphics/aau_logo_new_circle.pdf>
Package pdftex.def Info: AAUgraphics/aau_logo_new_circle.pdf used on input line
 85.
(pdftex.def)             Requested size: 38.47491pt x 38.9626pt.
 ( FP-EVAL
( FP-UPN ( FP-MUL ) ( FP-DIV ) ) ) [29

]) (Niels.tex
<figures/TranslationalControlDiagramSmall.pdf, id=461, 818.70767pt x 539.87677p
t>
File: figures/TranslationalControlDiagramSmall.pdf Graphic file (type pdf)
 <use figures/TranslationalControlDiagramSmall.pdf>
Package pdftex.def Info: figures/TranslationalControlDiagramSmall.pdf used on i
nput line 7.
(pdftex.def)             Requested size: 245.83282pt x 162.10432pt.
File: AAUgraphics/aau_logo_new_circle.pdf Graphic file (type pdf)

<use AAUgraphics/aau_logo_new_circle.pdf>
Package pdftex.def Info: AAUgraphics/aau_logo_new_circle.pdf used on input line
 7.
(pdftex.def)             Requested size: 38.47491pt x 38.9626pt.
 ( FP-EVAL ( FP-UPN ( FP-MUL )
( FP-DIV ) ) ) [30

 <./figures/TranslationalControlDiagramSmall.pdf>]
<figures/disturbanceP.pdf, id=468, 520.70866pt x 170.7426pt>
File: figures/disturbanceP.pdf Graphic file (type pdf)

<use figures/disturbanceP.pdf>
Package pdftex.def Info: figures/disturbanceP.pdf used on input line 59.
(pdftex.def)             Requested size: 153.64493pt x 50.37904pt.
File: AAUgraphics/aau_logo_new_circle.pdf Graphic file (type pdf)
 <use AAUgraphics/aau_logo_new_circle.pdf>
Package pdftex.def Info: AAUgraphics/aau_logo_new_circle.pdf used on input line
 59.
(pdftex.def)             Requested size: 38.47491pt x 38.9626pt.

( FP-EVAL ( FP-UPN ( FP-MUL ) ( FP-DIV ) ) ) [31

 <./figures/disturbanceP.pdf>]
File: figures/disturbanceP.pdf Graphic file (type pdf)

<use figures/disturbanceP.pdf>
Package pdftex.def Info: figures/disturbanceP.pdf used on input line 59.
(pdftex.def)             Requested size: 153.64493pt x 50.37904pt.
File: AAUgraphics/aau_logo_new_circle.pdf Graphic file (type pdf)
 <use AAUgraphics/aau_logo_new_circle.pdf>
Package pdftex.def Info: AAUgraphics/aau_logo_new_circle.pdf used on input line
 59.
(pdftex.def)             Requested size: 38.47491pt x 38.9626pt.

( FP-EVAL ( FP-UPN ( FP-MUL ) ( FP-DIV ) ) ) [32

]
<figures/disturbancePI.pdf, id=483, 520.70866pt x 170.7426pt>
File: figures/disturbancePI.pdf Graphic file (type pdf)

<use figures/disturbancePI.pdf>
Package pdftex.def Info: figures/disturbancePI.pdf used on input line 59.
(pdftex.def)             Requested size: 153.64493pt x 50.37904pt.
File: AAUgraphics/aau_logo_new_circle.pdf Graphic file (type pdf)
 <use AAUgraphics/aau_logo_new_circle.pdf>
Package pdftex.def Info: AAUgraphics/aau_logo_new_circle.pdf used on input line
 59.
(pdftex.def)             Requested size: 38.47491pt x 38.9626pt.

( FP-EVAL ( FP-UPN ( FP-MUL ) ( FP-DIV ) ) ) [33

 <./figures/disturbancePI.pdf>]
File: figures/disturbancePI.pdf Graphic file (type pdf)
<use figures/disturbancePI.pdf>
Package pdftex.def Info: figures/disturbancePI.pdf used on input line 59.
(pdftex.def)             Requested size: 153.64493pt x 50.37904pt.
File: AAUgraphics/aau_logo_new_circle.pdf Graphic file (type pdf)
 <use AAUgraphics/aau_logo_new_circle.pdf>
Package pdftex.def Info: AAUgraphics/aau_logo_new_circle.pdf used on input line
 59.
(pdftex.def)             Requested size: 38.47491pt x 38.9626pt.

( FP-EVAL ( FP-UPN ( FP-MUL ) ( FP-DIV ) ) ) [34

]
LaTeX Font Info:    Font shape `T1/phv/m/it' in size <14.4> not available
(Font)              Font shape `T1/phv/m/sl' tried instead on input line 75.

<figures/TranslationalControlZ.pdf, id=496, 1173.3748pt x 238.08238pt>
File: figures/TranslationalControlZ.pdf Graphic file (type pdf)

<use figures/TranslationalControlZ.pdf>
Package pdftex.def Info: figures/TranslationalControlZ.pdf used on input line 7
5.
(pdftex.def)             Requested size: 307.28987pt x 62.35042pt.
File: AAUgraphics/aau_logo_new_circle.pdf Graphic file (type pdf)

<use AAUgraphics/aau_logo_new_circle.pdf>
Package pdftex.def Info: AAUgraphics/aau_logo_new_circle.pdf used on input line
 75.
(pdftex.def)             Requested size: 38.47491pt x 38.9626pt.
 ( FP-EVAL ( FP-UPN ( FP-MUL )
( FP-DIV ) ) ) [35

 <./figures/TranslationalControlZ.pdf>]
File: figures/TranslationalControlZ.pdf Graphic file (type pdf)

<use figures/TranslationalControlZ.pdf>
Package pdftex.def Info: figures/TranslationalControlZ.pdf used on input line 7
5.
(pdftex.def)             Requested size: 307.28987pt x 62.35042pt.
File: AAUgraphics/aau_logo_new_circle.pdf Graphic file (type pdf)

<use AAUgraphics/aau_logo_new_circle.pdf>
Package pdftex.def Info: AAUgraphics/aau_logo_new_circle.pdf used on input line
 75.
(pdftex.def)             Requested size: 38.47491pt x 38.9626pt.
 ( FP-EVAL ( FP-UPN ( FP-MUL )
( FP-DIV ) ) ) [36

]
File: AAUgraphics/aau_logo_new_circle.pdf Graphic file (type pdf)
 <use AAUgraphics/aau_logo_new_circle.pdf>
Package pdftex.def Info: AAUgraphics/aau_logo_new_circle.pdf used on input line
 79.
(pdftex.def)             Requested size: 38.47491pt x 38.9626pt.
 ( FP-EVAL
( FP-UPN ( FP-MUL ) ( FP-DIV ) ) ) [37

]
File: AAUgraphics/aau_logo_new_circle.pdf Graphic file (type pdf)

<use AAUgraphics/aau_logo_new_circle.pdf>
Package pdftex.def Info: AAUgraphics/aau_logo_new_circle.pdf used on input line
 85.
(pdftex.def)             Requested size: 38.47491pt x 38.9626pt.
 ( FP-EVAL ( FP-UPN ( FP-MUL )
( FP-DIV ) ) ) [38

]
File: AAUgraphics/aau_logo_new_circle.pdf Graphic file (type pdf)
 <use AAUgraphics/aau_logo_new_circle.pdf>
Package pdftex.def Info: AAUgraphics/aau_logo_new_circle.pdf used on input line
 92.
(pdftex.def)             Requested size: 38.47491pt x 38.9626pt.
 ( FP-EVAL
( FP-UPN ( FP-MUL ) ( FP-DIV ) ) ) [39

]
<figures/timingDiagram.pdf, id=527, 259.06273pt x 110.75896pt>
File: figures/timingDiagram.pdf Graphic file (type pdf)

<use figures/timingDiagram.pdf>
Package pdftex.def Info: figures/timingDiagram.pdf used on input line 99.
(pdftex.def)             Requested size: 338.02072pt x 144.5325pt.

Overfull \hbox (10.08855pt too wide) in paragraph at lines 99--99
 |  [] 
 []

File: AAUgraphics/aau_logo_new_circle.pdf Graphic file (type pdf)
<use AAUgraphics/aau_logo_new_circle.pdf>
Package pdftex.def Info: AAUgraphics/aau_logo_new_circle.pdf used on input line
 99.
(pdftex.def)             Requested size: 38.47491pt x 38.9626pt.
 ( FP-EVAL ( FP-UPN ( FP-MUL )
( FP-DIV ) ) ) [40

 <./figures/timingDiagram.pdf>]
<figures/newTimingDiagram.pdf, id=535, 259.06273pt x 110.75896pt>
File: figures/newTimingDiagram.pdf Graphic file (type pdf)

<use figures/newTimingDiagram.pdf>
Package pdftex.def Info: figures/newTimingDiagram.pdf used on input line 106.
(pdftex.def)             Requested size: 338.02072pt x 144.5325pt.

Overfull \hbox (10.08855pt too wide) in paragraph at lines 106--106
 |  [] 
 []

File: AAUgraphics/aau_logo_new_circle.pdf Graphic file (type pdf)
<use AAUgraphics/aau_logo_new_circle.pdf>
Package pdftex.def Info: AAUgraphics/aau_logo_new_circle.pdf used on input line
 106.
(pdftex.def)             Requested size: 38.47491pt x 38.9626pt.
 ( FP-EVAL ( FP-UPN ( FP-MUL )
( FP-DIV ) ) ) [41

 <./figures/newTimingDiagram.pdf>]
<figures/scheduleTest.pdf, id=543, 348.30125pt x 315.1775pt>
File: figures/scheduleTest.pdf Graphic file (type pdf)

<use figures/scheduleTest.pdf>
Package pdftex.def Info: figures/scheduleTest.pdf used on input line 120.
(pdftex.def)             Requested size: 150.57372pt x 136.25468pt.

<figures/scheduleTestNew.pdf, id=544, 348.30125pt x 315.1775pt>
File: figures/scheduleTestNew.pdf Graphic file (type pdf)

<use figures/scheduleTestNew.pdf>
Package pdftex.def Info: figures/scheduleTestNew.pdf used on input line 120.
(pdftex.def)             Requested size: 150.57372pt x 136.25468pt.

Overfull \hbox (0.94254pt too wide) in paragraph at lines 120--120
[]|  $[]$|  $[]$  
 []

File: AAUgraphics/aau_logo_new_circle.pdf Graphic file (type pdf)
<use AAUgraphics/aau_logo_new_circle.pdf>
Package pdftex.def Info: AAUgraphics/aau_logo_new_circle.pdf used on input line
 120.
(pdftex.def)             Requested size: 38.47491pt x 38.9626pt.
 ( FP-EVAL ( FP-UPN ( FP-MUL )
( FP-DIV ) ) ) [42

 <./figures/scheduleTest.pdf> <./figures/scheduleTestNew.pdf>] (Presentation.to
c)
File: AAUgraphics/aau_logo_new_circle.pdf Graphic file (type pdf)
 <use AAUgraphics/aau_logo_new_circle.pdf>
Package pdftex.def Info: AAUgraphics/aau_logo_new_circle.pdf used on input line
 126.
(pdftex.def)             Requested size: 38.47491pt x 38.9626pt.
 ( FP-EVAL
( FP-UPN ( FP-MUL ) ( FP-DIV ) ) ) [43

]) (Alejandro.tex
File: AAUgraphics/aau_logo_new_circle.pdf Graphic file (type pdf)

<use AAUgraphics/aau_logo_new_circle.pdf>
Package pdftex.def Info: AAUgraphics/aau_logo_new_circle.pdf used on input line
 10.
(pdftex.def)             Requested size: 38.47491pt x 38.9626pt.
 ( FP-EVAL ( FP-UPN ( FP-MUL )
( FP-DIV ) ) ) [44

]
File: AAUgraphics/aau_logo_new_circle.pdf Graphic file (type pdf)
 <use AAUgraphics/aau_logo_new_circle.pdf>
Package pdftex.def Info: AAUgraphics/aau_logo_new_circle.pdf used on input line
 16.
(pdftex.def)             Requested size: 38.47491pt x 38.9626pt.
 ( FP-EVAL
( FP-UPN ( FP-MUL ) ( FP-DIV ) ) ) [45

]
File: AAUgraphics/aau_logo_new_circle.pdf Graphic file (type pdf)

<use AAUgraphics/aau_logo_new_circle.pdf>
Package pdftex.def Info: AAUgraphics/aau_logo_new_circle.pdf used on input line
 25.
(pdftex.def)             Requested size: 38.47491pt x 38.9626pt.
 ( FP-EVAL ( FP-UPN ( FP-MUL )
( FP-DIV ) ) ) [46

]
File: AAUgraphics/aau_logo_new_circle.pdf Graphic file (type pdf)
 <use AAUgraphics/aau_logo_new_circle.pdf>
Package pdftex.def Info: AAUgraphics/aau_logo_new_circle.pdf used on input line
 35.
(pdftex.def)             Requested size: 38.47491pt x 38.9626pt.
 ( FP-EVAL
( FP-UPN ( FP-MUL ) ( FP-DIV ) ) ) [47

]) [48

]
\tf@nav=\write6
\openout6 = `Presentation.nav'.

\tf@toc=\write7
\openout7 = `Presentation.toc'.

\tf@snm=\write8
\openout8 = `Presentation.snm'.

Package atveryend Info: Empty hook `BeforeClearDocument' on input line 100.
Package atveryend Info: Empty hook `AfterLastShipout' on input line 100.
 (Presentation.aux)
Package atveryend Info: Executing hook `AtVeryEndDocument' on input line 100.
Package atveryend Info: Executing hook `AtEndAfterFileList' on input line 100.
Package rerunfilecheck Info: File `Presentation.out' has not changed.
(rerunfilecheck)             Checksum: E0A04951DF41A8F0092574400D31B7E4;801.
Package atveryend Info: Empty hook `AtVeryVeryEnd' on input line 100.
 ) 
Here is how much of TeX's memory you used:
 22291 strings out of 493335
 440816 string characters out of 3136634
 512412 words of memory out of 3000000
 25088 multiletter control sequences out of 15000+200000
 56448 words of font info for 73 fonts, out of 3000000 for 9000
 1141 hyphenation exceptions out of 8191
 60i,17n,71p,565b,898s stack positions out of 5000i,500n,10000p,200000b,50000s
 <C:\Users\Niels Skov Vestergaa\AppData\Local\MiKTeX\2.9\fonts\pk\ljfour\jkna
ppen\ec\dpi600\ecrm0700.pk>{C:/Program Files (x86)/MiKTeX 2.9/fonts/enc/dvips/f
ontname/8r.enc}<C:/Program Files (x86)/MiKTeX 2.9/fonts/type1/public/amsfonts/c
m/cmex10.pfb><C:/Program Files (x86)/MiKTeX 2.9/fonts/type1/public/amsfonts/cm/
cmmi10.pfb><C:/Program Files (x86)/MiKTeX 2.9/fonts/type1/public/amsfonts/cm/cm
ss10.pfb><C:/Program Files (x86)/MiKTeX 2.9/fonts/type1/public/amsfonts/cm/cmss
12.pfb><C:/Program Files (x86)/MiKTeX 2.9/fonts/type1/public/amsfonts/cm/cmsy10
.pfb><C:/Program Files (x86)/MiKTeX 2.9/fonts/type1/public/amsfonts/cm/cmsy7.pf
b><C:/Program Files (x86)/MiKTeX 2.9/fonts/type1/public/amsfonts/symbols/msam7.
pfb><C:/Program Files (x86)/MiKTeX 2.9/fonts/type1/urw/helvetic/uhvb8a.pfb><C:/
Program Files (x86)/MiKTeX 2.9/fonts/type1/urw/helvetic/uhvr8a.pfb><C:/Program 
Files (x86)/MiKTeX 2.9/fonts/type1/urw/helvetic/uhvro8a.pfb>
Output written on Presentation.pdf (48 pages, 4565129 bytes).
PDF statistics:
 761 PDF objects out of 1000 (max. 8388607)
 112 named destinations out of 1000 (max. 500000)
 280 words of extra memory for PDF output out of 10000 (max. 10000000)

